TN:
SF:src/app.controller.ts
FN:6,(anonymous_2)
FNF:1
FNH:0
FNDA:0,(anonymous_2)
DA:1,0
DA:4,0
DA:6,0
DA:7,0
LF:4
LH:0
BRF:0
BRH:0
end_of_record
TN:
SF:src/app.module.ts
FN:31,(anonymous_1)
FNF:1
FNH:0
FNDA:0,(anonymous_1)
DA:1,0
DA:2,0
DA:3,0
DA:4,0
DA:5,0
DA:6,0
DA:7,0
DA:8,0
DA:9,0
DA:10,0
DA:11,0
DA:12,0
DA:13,0
DA:14,0
DA:15,0
DA:16,0
DA:17,0
DA:18,0
DA:19,0
DA:20,0
DA:21,0
DA:22,0
DA:23,0
DA:31,0
DA:77,0
LF:25
LH:0
BRF:0
BRH:0
end_of_record
TN:
SF:src/data-source.ts
FNF:0
FNH:0
DA:1,0
DA:2,0
DA:12,0
DA:25,0
LF:4
LH:0
BRDA:14,0,0,0
BRDA:14,0,1,0
BRDA:15,1,0,0
BRDA:15,1,1,0
BRF:4
BRH:0
end_of_record
TN:
SF:src/main.ts
FN:10,bootstrap
FN:29,(anonymous_1)
FN:32,(anonymous_2)
FNF:3
FNH:0
FNDA:0,bootstrap
FNDA:0,(anonymous_1)
FNDA:0,(anonymous_2)
DA:1,0
DA:2,0
DA:4,0
DA:5,0
DA:6,0
DA:7,0
DA:8,0
DA:11,0
DA:14,0
DA:15,0
DA:16,0
DA:19,0
DA:24,0
DA:25,0
DA:28,0
DA:30,0
DA:31,0
DA:32,0
DA:33,0
DA:34,0
DA:40,0
DA:43,0
DA:44,0
DA:50,0
DA:51,0
DA:54,0
DA:55,0
DA:56,0
DA:57,0
DA:59,0
LF:30
LH:0
BRDA:30,0,0,0
BRDA:31,1,0,0
BRDA:31,1,1,0
BRDA:32,2,0,0
BRDA:33,3,0,0
BRDA:43,4,0,0
BRDA:55,5,0,0
BRDA:55,5,1,0
BRF:8
BRH:0
end_of_record
TN:
SF:src/migrations/20260614062701-create-shell-inventory.ts
FN:12,(anonymous_0)
FN:48,(anonymous_1)
FNF:2
FNH:0
FNDA:0,(anonymous_0)
FNDA:0,(anonymous_1)
DA:11,0
DA:14,0
DA:24,0
DA:30,0
DA:49,0
LF:5
LH:0
BRF:0
BRH:0
end_of_record
TN:
SF:src/migrations/20260615000000-add-game-stats-achievement-progress.ts
FN:4,(anonymous_0)
FN:23,(anonymous_1)
FNF:2
FNH:0
FNDA:0,(anonymous_0)
FNDA:0,(anonymous_1)
DA:3,0
DA:5,0
DA:10,0
DA:24,0
DA:25,0
LF:5
LH:0
BRF:0
BRH:0
end_of_record
TN:
SF:src/migrations/20260616000000-create-user-cosmetics-achievements.ts
FN:4,(anonymous_0)
FN:54,(anonymous_1)
FNF:2
FNH:0
FNDA:0,(anonymous_0)
FNDA:0,(anonymous_1)
DA:3,0
DA:5,0
DA:14,0
DA:19,0
DA:24,0
DA:29,0
DA:38,0
DA:43,0
DA:48,0
DA:55,0
DA:56,0
LF:11
LH:0
BRF:0
BRH:0
end_of_record
TN:
SF:src/migrations/20260618000000-create-friendships.ts
FN:16,(anonymous_0)
FN:41,(anonymous_1)
FNF:2
FNH:0
FNDA:0,(anonymous_0)
FNDA:0,(anonymous_1)
DA:15,0
DA:17,0
DA:30,0
DA:35,0
DA:42,0
LF:5
LH:0
BRF:0
BRH:0
end_of_record
TN:
SF:src/migrations/20260623000000-add-hub-background-alter.ts
FN:6,(anonymous_0)
FN:34,(anonymous_1)
FNF:2
FNH:0
FNDA:0,(anonymous_0)
FNDA:0,(anonymous_1)
DA:3,0
DA:7,0
DA:12,0
DA:19,0
DA:27,0
DA:35,0
DA:43,0
DA:49,0
LF:8
LH:0
BRF:0
BRH:0
end_of_record
TN:
SF:src/migrations/20260627000000-create-notifications.ts
FN:19,(anonymous_0)
FN:39,(anonymous_1)
FNF:2
FNH:0
FNDA:0,(anonymous_0)
FNDA:0,(anonymous_1)
DA:18,0
DA:20,0
DA:32,0
DA:40,0
LF:4
LH:0
BRF:0
BRH:0
end_of_record
TN:
SF:src/migrations/20260627100000-add-profile-tag-showcased-achievements.ts
FN:17,(anonymous_0)
FN:30,(anonymous_1)
FNF:2
FNH:0
FNDA:0,(anonymous_0)
FNDA:0,(anonymous_1)
DA:14,0
DA:18,0
DA:24,0
DA:31,0
DA:36,0
LF:5
LH:0
BRF:0
BRH:0
end_of_record
TN:
SF:src/migrations/20260628000000-create-wagers.ts
FN:4,(anonymous_0)
FN:30,(anonymous_1)
FNF:2
FNH:0
FNDA:0,(anonymous_0)
FNDA:0,(anonymous_1)
DA:3,0
DA:5,0
DA:24,0
DA:31,0
DA:34,0
LF:5
LH:0
BRF:0
BRH:0
end_of_record
TN:
SF:src/migrations/20260628010000-add-wager-game.ts
FN:10,(anonymous_0)
FN:16,(anonymous_1)
FNF:2
FNH:0
FNDA:0,(anonymous_0)
FNDA:0,(anonymous_1)
DA:9,0
DA:11,0
DA:17,0
LF:3
LH:0
BRF:0
BRH:0
end_of_record
TN:
SF:src/migrations/20260630190000-create-match-replays.ts
FN:6,(anonymous_0)
FN:42,(anonymous_1)
FNF:2
FNH:0
FNDA:0,(anonymous_0)
FNDA:0,(anonymous_1)
DA:3,0
DA:7,0
DA:21,0
DA:31,0
DA:36,0
DA:43,0
DA:46,0
DA:49,0
DA:50,0
LF:9
LH:0
BRF:0
BRH:0
end_of_record
TN:
SF:src/migrations/20260630203000-add-match-replay-events.ts
FN:6,(anonymous_0)
FN:13,(anonymous_1)
FNF:2
FNH:0
FNDA:0,(anonymous_0)
FNDA:0,(anonymous_1)
DA:3,0
DA:7,0
DA:14,0
LF:3
LH:0
BRF:0
BRH:0
end_of_record
TN:
SF:src/migrations/20260701000000-add-user-last-seen.ts
FN:12,(anonymous_0)
FN:19,(anonymous_1)
FNF:2
FNH:0
FNDA:0,(anonymous_0)
FNDA:0,(anonymous_1)
DA:11,0
DA:13,0
DA:20,0
LF:3
LH:0
BRF:0
BRH:0
end_of_record
TN:
SF:src/migrations/20260701010000-create-reports.ts
FN:12,(anonymous_0)
FN:31,(anonymous_1)
FNF:2
FNH:0
FNDA:0,(anonymous_0)
FNDA:0,(anonymous_1)
DA:11,0
DA:13,0
DA:25,0
DA:32,0
DA:33,0
LF:5
LH:0
BRF:0
BRH:0
end_of_record
TN:
SF:src/migrations/20260704000000-create-chat.ts
FN:16,(anonymous_0)
FN:64,(anonymous_1)
FNF:2
FNH:0
FNDA:0,(anonymous_0)
FNDA:0,(anonymous_1)
DA:15,0
DA:17,0
DA:30,0
DA:41,0
DA:46,0
DA:58,0
DA:65,0
DA:66,0
DA:67,0
DA:68,0
DA:69,0
LF:11
LH:0
BRF:0
BRH:0
end_of_record
TN:
SF:src/modules/achievements/achievements.constants.ts
FN:38,(anonymous_0)
FN:43,(anonymous_1)
FN:52,(anonymous_2)
FN:58,(anonymous_3)
FN:63,(anonymous_4)
FN:70,(anonymous_5)
FN:74,(anonymous_6)
FN:80,(anonymous_7)
FN:85,(anonymous_8)
FN:91,(anonymous_9)
FN:92,(anonymous_10)
FN:98,(anonymous_11)
FN:104,(anonymous_12)
FN:112,(anonymous_13)
FN:113,(anonymous_14)
FN:128,(anonymous_15)
FN:129,(anonymous_16)
FN:139,(anonymous_17)
FN:140,(anonymous_18)
FN:153,(anonymous_19)
FN:157,(anonymous_20)
FNF:21
FNH:0
FNDA:0,(anonymous_0)
FNDA:0,(anonymous_1)
FNDA:0,(anonymous_2)
FNDA:0,(anonymous_3)
FNDA:0,(anonymous_4)
FNDA:0,(anonymous_5)
FNDA:0,(anonymous_6)
FNDA:0,(anonymous_7)
FNDA:0,(anonymous_8)
FNDA:0,(anonymous_9)
FNDA:0,(anonymous_10)
FNDA:0,(anonymous_11)
FNDA:0,(anonymous_12)
FNDA:0,(anonymous_13)
FNDA:0,(anonymous_14)
FNDA:0,(anonymous_15)
FNDA:0,(anonymous_16)
FNDA:0,(anonymous_17)
FNDA:0,(anonymous_18)
FNDA:0,(anonymous_19)
FNDA:0,(anonymous_20)
DA:38,0
DA:43,0
DA:46,0
DA:52,0
DA:58,0
DA:61,0
DA:63,0
DA:67,0
DA:70,0
DA:74,0
DA:80,0
DA:85,0
DA:91,0
DA:92,0
DA:98,0
DA:104,0
DA:105,0
DA:107,0
DA:108,0
DA:109,0
DA:110,0
DA:112,0
DA:113,0
DA:128,0
DA:129,0
DA:139,0
DA:140,0
DA:153,0
DA:157,0
DA:167,0
LF:30
LH:0
BRDA:40,0,0,0
BRDA:40,0,1,0
BRDA:61,1,0,0
BRDA:61,1,1,0
BRDA:67,2,0,0
BRDA:67,2,1,0
BRDA:93,3,0,0
BRDA:93,3,1,0
BRDA:116,4,0,0
BRDA:116,4,1,0
BRDA:117,5,0,0
BRDA:117,5,1,0
BRDA:119,6,0,0
BRDA:119,6,1,0
BRDA:121,7,0,0
BRDA:121,7,1,0
BRDA:143,8,0,0
BRDA:143,8,1,0
BRDA:144,9,0,0
BRDA:144,9,1,0
BRDA:146,10,0,0
BRDA:146,10,1,0
BRDA:160,11,0,0
BRDA:160,11,1,0
BRDA:161,12,0,0
BRDA:161,12,1,0
BRF:26
BRH:0
end_of_record
TN:
SF:src/modules/achievements/achievements.controller.ts
FN:19,(anonymous_4)
FN:25,(anonymous_5)
FNF:2
FNH:0
FNDA:0,(anonymous_4)
FNDA:0,(anonymous_5)
DA:1,0
DA:8,0
DA:9,0
DA:10,0
DA:12,0
DA:18,0
DA:20,0
DA:21,0
DA:25,0
DA:28,0
DA:29,0
DA:30,0
LF:12
LH:0
BRDA:29,0,0,0
BRF:1
BRH:0
end_of_record
TN:
SF:src/modules/achievements/achievements.module.ts
FNF:0
FNH:0
DA:1,0
DA:2,0
DA:3,0
DA:4,0
DA:5,0
DA:6,0
DA:7,0
DA:8,0
DA:9,0
DA:25,0
LF:10
LH:0
BRF:0
BRH:0
end_of_record
TN:
SF:src/modules/achievements/achievements.service.ts
FN:18,(anonymous_4)
FN:29,(anonymous_5)
FN:32,(anonymous_6)
FN:37,(anonymous_7)
FN:70,(anonymous_8)
FN:77,(anonymous_9)
FN:81,(anonymous_10)
FN:89,(anonymous_11)
FN:97,(anonymous_12)
FN:118,(anonymous_13)
FN:132,(anonymous_14)
FNF:11
FNH:0
FNDA:0,(anonymous_4)
FNDA:0,(anonymous_5)
FNDA:0,(anonymous_6)
FNDA:0,(anonymous_7)
FNDA:0,(anonymous_8)
FNDA:0,(anonymous_9)
FNDA:0,(anonymous_10)
FNDA:0,(anonymous_11)
FNDA:0,(anonymous_12)
FNDA:0,(anonymous_13)
FNDA:0,(anonymous_14)
DA:1,0
DA:2,0
DA:3,0
DA:4,0
DA:10,0
DA:11,0
DA:12,0
DA:13,0
DA:14,0
DA:17,0
DA:20,0
DA:22,0
DA:24,0
DA:26,0
DA:30,0
DA:31,0
DA:32,0
DA:33,0
DA:38,0
DA:39,0
DA:40,0
DA:42,0
DA:43,0
DA:47,0
DA:49,0
DA:54,0
DA:55,0
DA:56,0
DA:57,0
DA:58,0
DA:60,0
DA:61,0
DA:67,0
DA:71,0
DA:75,0
DA:77,0
DA:84,0
DA:85,0
DA:89,0
DA:91,0
DA:102,0
DA:103,0
DA:104,0
DA:122,0
DA:123,0
DA:124,0
DA:126,0
DA:127,0
DA:128,0
DA:133,0
DA:134,0
DA:136,0
DA:137,0
DA:141,0
DA:142,0
LF:55
LH:0
BRDA:43,0,0,0
BRDA:44,1,0,0
BRDA:44,1,1,0
BRDA:60,2,0,0
BRDA:109,3,0,0
BRDA:109,3,1,0
BRDA:114,4,0,0
BRDA:114,4,1,0
BRDA:122,5,0,0
BRDA:126,6,0,0
BRDA:127,7,0,0
BRDA:127,7,1,0
BRDA:133,8,0,0
BRDA:141,9,0,0
BRF:14
BRH:0
end_of_record
TN:
SF:src/modules/achievements/entities/user-achievement.entity.ts
FN:16,(anonymous_2)
FN:22,(anonymous_3)
FNF:2
FNH:0
FNDA:0,(anonymous_2)
FNDA:0,(anonymous_3)
DA:1,0
DA:8,0
DA:12,0
DA:14,0
DA:16,0
DA:17,0
DA:20,0
DA:22,0
DA:23,0
LF:9
LH:0
BRF:0
BRH:0
end_of_record
TN:
SF:src/modules/auth/auth.controller.ts
FN:18,(anonymous_4)
FN:49,validateUsername
FN:58,parseCookie
FN:66,shouldUseSecureCookies
FN:78,(anonymous_8)
FN:89,(anonymous_9)
FN:113,(anonymous_10)
FN:135,(anonymous_11)
FN:155,(anonymous_12)
FN:194,(anonymous_13)
FN:222,(anonymous_14)
FN:243,(anonymous_15)
FN:254,(anonymous_16)
FN:268,(anonymous_17)
FN:274,(anonymous_18)
FN:288,(anonymous_19)
FNF:16
FNH:0
FNDA:0,(anonymous_4)
FNDA:0,validateUsername
FNDA:0,parseCookie
FNDA:0,shouldUseSecureCookies
FNDA:0,(anonymous_8)
FNDA:0,(anonymous_9)
FNDA:0,(anonymous_10)
FNDA:0,(anonymous_11)
FNDA:0,(anonymous_12)
FNDA:0,(anonymous_13)
FNDA:0,(anonymous_14)
FNDA:0,(anonymous_15)
FNDA:0,(anonymous_16)
FNDA:0,(anonymous_17)
FNDA:0,(anonymous_18)
FNDA:0,(anonymous_19)
DA:1,0
DA:15,0
DA:18,0
DA:19,0
DA:20,0
DA:22,0
DA:23,0
DA:24,0
DA:25,0
DA:26,0
DA:28,0
DA:29,0
DA:32,0
DA:47,0
DA:50,0
DA:51,0
DA:55,0
DA:59,0
DA:60,0
DA:61,0
DA:63,0
DA:67,0
DA:68,0
DA:69,0
DA:77,0
DA:79,0
DA:80,0
DA:81,0
DA:82,0
DA:89,0
DA:92,0
DA:93,0
DA:94,0
DA:99,0
DA:102,0
DA:103,0
DA:113,0
DA:119,0
DA:120,0
DA:126,0
DA:135,0
DA:139,0
DA:140,0
DA:141,0
DA:143,0
DA:144,0
DA:145,0
DA:155,0
DA:160,0
DA:162,0
DA:163,0
DA:168,0
DA:169,0
DA:171,0
DA:172,0
DA:176,0
DA:177,0
DA:182,0
DA:183,0
DA:184,0
DA:194,0
DA:199,0
DA:201,0
DA:202,0
DA:205,0
DA:206,0
DA:208,0
DA:209,0
DA:212,0
DA:213,0
DA:214,0
DA:222,0
DA:226,0
DA:227,0
DA:228,0
DA:229,0
DA:230,0
DA:231,0
DA:234,0
DA:235,0
DA:243,0
DA:254,0
DA:258,0
DA:259,0
DA:260,0
DA:262,0
DA:263,0
DA:268,0
DA:274,0
DA:278,0
DA:279,0
DA:280,0
DA:282,0
DA:283,0
DA:289,0
DA:290,0
DA:291,0
DA:292,0
LF:98
LH:0
BRDA:50,0,0,0
BRDA:50,1,0,0
BRDA:50,1,1,0
BRDA:61,2,0,0
BRDA:67,3,0,0
BRDA:70,4,0,0
BRDA:70,4,1,0
BRDA:93,5,0,0
BRDA:123,6,0,0
BRDA:123,6,1,0
BRDA:140,7,0,0
BRDA:162,8,0,0
BRDA:169,9,0,0
BRDA:169,9,1,0
BRDA:171,10,0,0
BRDA:176,11,0,0
BRDA:201,12,0,0
BRDA:205,13,0,0
BRDA:205,13,1,0
BRDA:206,14,0,0
BRDA:206,14,1,0
BRDA:208,15,0,0
BRDA:208,16,0,0
BRDA:208,16,1,0
BRDA:227,17,0,0
BRDA:230,18,0,0
BRDA:258,19,0,0
BRDA:278,20,0,0
BRDA:290,21,0,0
BRDA:290,21,1,0
BRDA:291,22,0,0
BRDA:291,23,0,0
BRDA:291,23,1,0
BRDA:291,23,2,0
BRF:34
BRH:0
end_of_record
TN:
SF:src/modules/auth/auth.module.ts
FN:23,(anonymous_1)
FNF:1
FNH:0
FNDA:0,(anonymous_1)
DA:1,0
DA:2,0
DA:3,0
DA:4,0
DA:5,0
DA:6,0
DA:7,0
DA:8,0
DA:9,0
DA:10,0
DA:11,0
DA:12,0
DA:13,0
DA:14,0
DA:23,0
DA:46,0
LF:16
LH:0
BRF:0
BRH:0
end_of_record
TN:
SF:src/modules/auth/auth.service.ts
FN:36,scryptDerive
FN:37,(anonymous_3)
FN:38,(anonymous_4)
FN:51,shouldUseSecureCookies
FN:60,authCookieOptions
FN:92,(anonymous_7)
FN:102,(anonymous_8)
FN:112,(anonymous_9)
FN:145,(anonymous_10)
FN:154,(anonymous_11)
FN:185,(anonymous_12)
FN:215,(anonymous_13)
FN:250,(anonymous_14)
FN:277,(anonymous_15)
FN:322,(anonymous_16)
FN:332,(anonymous_17)
FN:351,(anonymous_18)
FN:376,(anonymous_19)
FN:384,(anonymous_20)
FNF:19
FNH:0
FNDA:0,scryptDerive
FNDA:0,(anonymous_3)
FNDA:0,(anonymous_4)
FNDA:0,shouldUseSecureCookies
FNDA:0,authCookieOptions
FNDA:0,(anonymous_7)
FNDA:0,(anonymous_8)
FNDA:0,(anonymous_9)
FNDA:0,(anonymous_10)
FNDA:0,(anonymous_11)
FNDA:0,(anonymous_12)
FNDA:0,(anonymous_13)
FNDA:0,(anonymous_14)
FNDA:0,(anonymous_15)
FNDA:0,(anonymous_16)
FNDA:0,(anonymous_17)
FNDA:0,(anonymous_18)
FNDA:0,(anonymous_19)
FNDA:0,(anonymous_20)
DA:1,0
DA:8,0
DA:10,0
DA:17,0
DA:18,0
DA:27,0
DA:33,0
DA:37,0
DA:38,0
DA:39,0
DA:46,0
DA:47,0
DA:48,0
DA:49,0
DA:52,0
DA:53,0
DA:54,0
DA:61,0
DA:62,0
DA:73,0
DA:74,0
DA:75,0
DA:76,0
DA:84,0
DA:87,0
DA:88,0
DA:91,0
DA:93,0
DA:94,0
DA:103,0
DA:118,0
DA:119,0
DA:126,0
DA:129,0
DA:138,0
DA:146,0
DA:160,0
DA:161,0
DA:164,0
DA:166,0
DA:169,0
DA:172,0
DA:177,0
DA:179,0
DA:191,0
DA:192,0
DA:193,0
DA:195,0
DA:198,0
DA:201,0
DA:207,0
DA:209,0
DA:218,0
DA:220,0
DA:221,0
DA:222,0
DA:223,0
DA:225,0
DA:226,0
DA:228,0
DA:229,0
DA:230,0
DA:234,0
DA:236,0
DA:237,0
DA:238,0
DA:241,0
DA:251,0
DA:252,0
DA:253,0
DA:261,0
DA:278,0
DA:279,0
DA:281,0
DA:282,0
DA:284,0
DA:285,0
DA:286,0
DA:292,0
DA:293,0
DA:294,0
DA:295,0
DA:297,0
DA:298,0
DA:299,0
DA:300,0
DA:301,0
DA:303,0
DA:305,0
DA:306,0
DA:309,0
DA:312,0
DA:323,0
DA:324,0
DA:325,0
DA:336,0
DA:337,0
DA:338,0
DA:339,0
DA:340,0
DA:341,0
DA:343,0
DA:352,0
DA:353,0
DA:354,0
DA:355,0
DA:356,0
DA:365,0
DA:366,0
DA:377,0
DA:378,0
DA:382,0
DA:383,0
DA:386,0
DA:389,0
DA:390,0
DA:391,0
DA:394,0
LF:118
LH:0
BRDA:39,0,0,0
BRDA:39,0,1,0
BRDA:52,1,0,0
BRDA:55,2,0,0
BRDA:55,2,1,0
BRDA:65,3,0,0
BRDA:65,3,1,0
BRDA:116,4,0,0
BRDA:122,5,0,0
BRDA:122,5,1,0
BRDA:127,6,0,0
BRDA:127,6,1,0
BRDA:134,7,0,0
BRDA:134,7,1,0
BRDA:164,8,0,0
BRDA:166,9,0,0
BRDA:166,9,1,0
BRDA:174,10,0,0
BRDA:174,10,1,0
BRDA:193,11,0,0
BRDA:195,12,0,0
BRDA:195,12,1,0
BRDA:203,13,0,0
BRDA:203,13,1,0
BRDA:203,14,0,0
BRDA:203,14,1,0
BRDA:205,15,0,0
BRDA:205,15,1,0
BRDA:220,16,0,0
BRDA:220,16,1,0
BRDA:226,17,0,0
BRDA:229,18,0,0
BRDA:278,19,0,0
BRDA:278,19,1,0
BRDA:279,20,0,0
BRDA:279,20,1,0
BRDA:284,21,0,0
BRDA:284,21,1,0
BRDA:297,22,0,0
BRDA:303,23,0,0
BRDA:337,24,0,0
BRDA:337,25,0,0
BRDA:337,25,1,0
BRDA:353,26,0,0
BRDA:365,27,0,0
BRDA:378,28,0,0
BRDA:378,28,1,0
BRDA:382,29,0,0
BRDA:390,30,0,0
BRF:49
BRH:0
end_of_record
TN:
SF:src/modules/auth/guest-cleanup.service.ts
FN:24,(anonymous_2)
FN:29,(anonymous_3)
FN:30,(anonymous_4)
FN:40,(anonymous_5)
FN:48,(anonymous_6)
FNF:5
FNH:0
FNDA:0,(anonymous_2)
FNDA:0,(anonymous_3)
FNDA:0,(anonymous_4)
FNDA:0,(anonymous_5)
FNDA:0,(anonymous_6)
DA:1,0
DA:7,0
DA:8,0
DA:11,0
DA:13,0
DA:20,0
DA:21,0
DA:22,0
DA:25,0
DA:26,0
DA:30,0
DA:31,0
DA:34,0
DA:41,0
DA:42,0
DA:43,0
DA:49,0
DA:51,0
DA:52,0
DA:53,0
DA:58,0
DA:59,0
DA:61,0
DA:62,0
LF:24
LH:0
BRDA:41,0,0,0
BRDA:52,1,0,0
BRF:2
BRH:0
end_of_record
TN:
SF:src/modules/auth/rate-limiter.service.ts
FN:23,(anonymous_1)
FN:33,(anonymous_2)
FN:57,(anonymous_3)
FN:69,(anonymous_4)
FNF:4
FNH:0
FNDA:0,(anonymous_1)
FNDA:0,(anonymous_2)
FNDA:0,(anonymous_3)
FNDA:0,(anonymous_4)
DA:1,0
DA:23,0
DA:24,0
DA:39,0
DA:40,0
DA:41,0
DA:45,0
DA:47,0
DA:48,0
DA:49,0
DA:50,0
DA:51,0
DA:53,0
DA:54,0
DA:59,0
DA:60,0
DA:61,0
DA:62,0
DA:70,0
DA:71,0
DA:72,0
LF:21
LH:0
BRDA:48,0,0,0
BRDA:48,1,0,0
BRDA:48,1,1,0
BRDA:60,2,0,0
BRDA:62,3,0,0
BRDA:62,3,1,0
BRDA:72,4,0,0
BRF:7
BRH:0
end_of_record
TN:
SF:src/modules/auth/token-deny-list.service.ts
FN:15,(anonymous_2)
FN:25,(anonymous_3)
FN:48,(anonymous_4)
FN:67,(anonymous_5)
FN:80,(anonymous_6)
FN:81,(anonymous_7)
FN:91,(anonymous_8)
FN:103,(anonymous_9)
FN:110,(anonymous_10)
FN:111,(anonymous_11)
FN:121,(anonymous_12)
FN:130,(anonymous_13)
FNF:12
FNH:0
FNDA:0,(anonymous_2)
FNDA:0,(anonymous_3)
FNDA:0,(anonymous_4)
FNDA:0,(anonymous_5)
FNDA:0,(anonymous_6)
FNDA:0,(anonymous_7)
FNDA:0,(anonymous_8)
FNDA:0,(anonymous_9)
FNDA:0,(anonymous_10)
FNDA:0,(anonymous_11)
FNDA:0,(anonymous_12)
FNDA:0,(anonymous_13)
DA:1,0
DA:2,0
DA:3,0
DA:5,0
DA:6,0
DA:9,0
DA:10,0
DA:15,0
DA:16,0
DA:17,0
DA:18,0
DA:26,0
DA:27,0
DA:35,0
DA:39,0
DA:49,0
DA:50,0
DA:54,0
DA:56,0
DA:60,0
DA:68,0
DA:69,0
DA:70,0
DA:72,0
DA:81,0
DA:82,0
DA:87,0
DA:88,0
DA:89,0
DA:91,0
DA:92,0
DA:93,0
DA:94,0
DA:95,0
DA:96,0
DA:98,0
DA:102,0
DA:103,0
DA:104,0
DA:110,0
DA:111,0
DA:112,0
DA:113,0
DA:121,0
DA:122,0
DA:123,0
DA:124,0
DA:126,0
DA:127,0
DA:130,0
DA:131,0
DA:133,0
DA:135,0
DA:136,0
DA:137,0
DA:138,0
DA:139,0
DA:140,0
DA:141,0
DA:143,0
DA:144,0
DA:147,0
DA:149,0
DA:152,0
DA:153,0
DA:154,0
DA:155,0
DA:156,0
DA:160,0
DA:161,0
DA:162,0
DA:167,0
DA:171,0
DA:172,0
DA:173,0
DA:177,0
DA:178,0
DA:179,0
DA:180,0
DA:181,0
DA:182,0
DA:183,0
DA:186,0
DA:190,0
DA:191,0
DA:192,0
DA:193,0
DA:194,0
DA:197,0
LF:89
LH:0
BRDA:92,0,0,0
BRDA:95,1,0,0
BRDA:95,1,1,0
BRDA:98,2,0,0
BRDA:98,2,1,0
BRDA:112,3,0,0
BRDA:123,4,0,0
BRDA:135,5,0,0
BRDA:137,6,0,0
BRDA:139,7,0,0
BRDA:147,8,0,0
BRDA:152,9,0,0
BRDA:154,10,0,0
BRDA:160,11,0,0
BRDA:164,12,0,0
BRDA:164,12,1,0
BRDA:171,13,0,0
BRDA:177,14,0,0
BRDA:179,15,0,0
BRDA:182,16,0,0
BRDA:190,17,0,0
BRDA:192,18,0,0
BRDA:198,19,0,0
BRDA:198,19,1,0
BRF:24
BRH:0
end_of_record
TN:
SF:src/modules/auth/guards/csrf.guard.ts
FN:13,parseCookie
FN:30,(anonymous_2)
FNF:2
FNH:0
FNDA:0,parseCookie
FNDA:0,(anonymous_2)
DA:1,0
DA:10,0
DA:14,0
DA:15,0
DA:16,0
DA:17,0
DA:20,0
DA:29,0
DA:31,0
DA:32,0
DA:33,0
DA:35,0
DA:36,0
DA:38,0
LF:14
LH:0
BRDA:16,0,0,0
BRDA:33,1,0,0
BRDA:33,1,1,0
BRDA:35,2,0,0
BRDA:35,3,0,0
BRDA:35,3,1,0
BRDA:35,3,2,0
BRF:7
BRH:0
end_of_record
TN:
SF:src/modules/auth/guards/ft-auth.guard.ts
FN:11,(anonymous_1)
FN:14,(anonymous_2)
FN:28,(anonymous_3)
FNF:3
FNH:0
FNDA:0,(anonymous_1)
FNDA:0,(anonymous_2)
FNDA:0,(anonymous_3)
DA:1,0
DA:7,0
DA:11,0
DA:12,0
DA:17,0
DA:19,0
DA:22,0
DA:23,0
DA:35,0
DA:36,0
DA:41,0
DA:51,0
DA:53,0
DA:55,0
DA:58,0
DA:60,0
LF:16
LH:0
BRDA:19,0,0,0
BRDA:19,0,1,0
BRDA:19,0,2,0
BRDA:22,1,0,0
BRDA:22,1,1,0
BRDA:35,2,0,0
BRDA:42,3,0,0
BRDA:42,3,1,0
BRDA:43,4,0,0
BRDA:43,4,1,0
BRDA:46,5,0,0
BRDA:46,5,1,0
BRDA:49,6,0,0
BRDA:49,6,1,0
BRDA:53,7,0,0
BRDA:55,8,0,0
BRDA:55,8,1,0
BRDA:55,9,0,0
BRDA:55,9,1,0
BRDA:55,9,2,0
BRF:20
BRH:0
end_of_record
TN:
SF:src/modules/auth/guards/github-auth.guard.ts
FN:11,(anonymous_1)
FN:25,(anonymous_2)
FNF:2
FNH:0
FNDA:0,(anonymous_1)
FNDA:0,(anonymous_2)
DA:1,0
DA:6,0
DA:10,0
DA:14,0
DA:16,0
DA:19,0
DA:20,0
DA:30,0
DA:31,0
DA:33,0
DA:36,0
DA:38,0
LF:12
LH:0
BRDA:16,0,0,0
BRDA:16,0,1,0
BRDA:16,0,2,0
BRDA:19,1,0,0
BRDA:19,1,1,0
BRDA:30,2,0,0
BRDA:31,3,0,0
BRDA:33,4,0,0
BRDA:33,4,1,0
BRDA:33,5,0,0
BRDA:33,5,1,0
BRDA:33,5,2,0
BRF:12
BRH:0
end_of_record
TN:
SF:src/modules/auth/guards/guest.guard.ts
FN:17,(anonymous_1)
FNF:1
FNH:0
FNDA:0,(anonymous_1)
DA:1,0
DA:16,0
DA:18,0
DA:21,0
DA:22,0
DA:26,0
LF:6
LH:0
BRDA:21,0,0,0
BRF:1
BRH:0
end_of_record
TN:
SF:src/modules/auth/guards/jwt-auth.guard.ts
FNF:0
FNH:0
DA:1,0
DA:2,0
DA:5,0
LF:3
LH:0
BRF:0
BRH:0
end_of_record
TN:
SF:src/modules/auth/strategies/forty-two.strategy.ts
FN:20,(anonymous_2)
FN:35,(anonymous_3)
FNF:2
FNH:0
FNDA:0,(anonymous_2)
FNDA:0,(anonymous_3)
DA:1,0
DA:2,0
DA:3,0
DA:4,0
DA:5,0
DA:19,0
DA:21,0
DA:22,0
DA:24,0
DA:40,0
LF:10
LH:0
BRDA:25,0,0,0
BRDA:25,0,1,0
BRDA:27,1,0,0
BRDA:27,1,1,0
BRDA:29,2,0,0
BRDA:29,2,1,0
BRDA:44,3,0,0
BRDA:44,3,1,0
BRDA:46,4,0,0
BRDA:46,4,1,0
BRF:10
BRH:0
end_of_record
TN:
SF:src/modules/auth/strategies/github.strategy.ts
FN:9,(anonymous_2)
FN:24,(anonymous_3)
FNF:2
FNH:0
FNDA:0,(anonymous_2)
FNDA:0,(anonymous_3)
DA:1,0
DA:2,0
DA:3,0
DA:4,0
DA:5,0
DA:8,0
DA:10,0
DA:11,0
DA:13,0
DA:35,0
LF:10
LH:0
BRDA:14,0,0,0
BRDA:14,0,1,0
BRDA:16,1,0,0
BRDA:16,1,1,0
BRDA:18,2,0,0
BRDA:18,2,1,0
BRDA:38,3,0,0
BRDA:38,3,1,0
BRDA:38,3,2,0
BRDA:41,4,0,0
BRDA:41,4,1,0
BRDA:42,5,0,0
BRDA:42,5,1,0
BRF:13
BRH:0
end_of_record
TN:
SF:src/modules/auth/strategies/jwt.strategy.ts
FN:11,parseCookieHeader
FN:23,(anonymous_3)
FN:30,(anonymous_4)
FN:38,(anonymous_5)
FNF:4
FNH:0
FNDA:0,parseCookieHeader
FNDA:0,(anonymous_3)
FNDA:0,(anonymous_4)
FNDA:0,(anonymous_5)
DA:1,0
DA:2,0
DA:3,0
DA:4,0
DA:6,0
DA:7,0
DA:8,0
DA:12,0
DA:13,0
DA:14,0
DA:15,0
DA:18,0
DA:22,0
DA:24,0
DA:25,0
DA:26,0
DA:28,0
DA:31,0
DA:32,0
DA:56,0
DA:57,0
DA:58,0
DA:65,0
DA:66,0
DA:69,0
DA:70,0
DA:74,0
LF:27
LH:0
BRDA:14,0,0,0
BRDA:31,1,0,0
BRDA:31,1,1,0
BRDA:57,2,0,0
BRDA:65,3,0,0
BRDA:69,4,0,0
BRDA:77,5,0,0
BRDA:77,5,1,0
BRDA:78,6,0,0
BRDA:78,6,1,0
BRF:10
BRH:0
end_of_record
TN:
SF:src/modules/cards/cards.constants.ts
FN:447,(anonymous_0)
FN:450,findCard
FN:454,cardsByFamily
FN:455,(anonymous_3)
FN:458,cardsByRarity
FN:459,(anonymous_5)
FNF:6
FNH:0
FNDA:0,(anonymous_0)
FNDA:0,findCard
FNDA:0,cardsByFamily
FNDA:0,(anonymous_3)
FNDA:0,cardsByRarity
FNDA:0,(anonymous_5)
DA:75,0
DA:82,0
DA:94,0
DA:102,0
DA:105,0
DA:108,0
DA:114,0
DA:123,0
DA:294,0
DA:337,0
DA:364,0
DA:437,0
DA:446,0
DA:447,0
DA:450,0
DA:451,0
DA:454,0
DA:455,0
DA:458,0
DA:459,0
LF:20
LH:0
BRF:0
BRH:0
end_of_record
TN:
SF:src/modules/cards/cards.controller.ts
FN:22,(anonymous_4)
FN:29,(anonymous_5)
FN:41,(anonymous_6)
FNF:3
FNH:0
FNDA:0,(anonymous_4)
FNDA:0,(anonymous_5)
FNDA:0,(anonymous_6)
DA:1,0
DA:10,0
DA:11,0
DA:12,0
DA:13,0
DA:15,0
DA:21,0
DA:23,0
DA:24,0
DA:29,0
DA:32,0
DA:33,0
DA:34,0
DA:41,0
DA:44,0
DA:45,0
DA:46,0
LF:17
LH:0
BRDA:33,0,0,0
BRDA:45,1,0,0
BRF:2
BRH:0
end_of_record
TN:
SF:src/modules/cards/cards.module.ts
FNF:0
FNH:0
DA:1,0
DA:2,0
DA:3,0
DA:4,0
DA:5,0
DA:6,0
DA:7,0
DA:20,0
LF:8
LH:0
BRF:0
BRH:0
end_of_record
TN:
SF:src/modules/cards/cards.roll.ts
FN:23,rollRarity
FN:37,rollCard
FNF:2
FNH:0
FNDA:0,rollRarity
FNDA:0,rollCard
DA:1,0
DA:23,0
DA:24,0
DA:25,0
DA:26,0
DA:27,0
DA:28,0
DA:30,0
DA:37,0
DA:38,0
DA:39,0
DA:40,0
DA:41,0
DA:42,0
LF:14
LH:0
BRDA:28,0,0,0
BRF:1
BRH:0
end_of_record
TN:
SF:src/modules/cards/cards.service.ts
FN:36,(anonymous_4)
FN:43,(anonymous_5)
FN:46,(anonymous_6)
FN:56,(anonymous_7)
FN:57,(anonymous_8)
FN:60,(anonymous_9)
FN:65,(anonymous_10)
FN:82,(anonymous_11)
FN:84,(anonymous_12)
FN:127,(anonymous_13)
FN:146,(anonymous_14)
FN:187,(anonymous_15)
FN:196,(anonymous_16)
FNF:13
FNH:0
FNDA:0,(anonymous_4)
FNDA:0,(anonymous_5)
FNDA:0,(anonymous_6)
FNDA:0,(anonymous_7)
FNDA:0,(anonymous_8)
FNDA:0,(anonymous_9)
FNDA:0,(anonymous_10)
FNDA:0,(anonymous_11)
FNDA:0,(anonymous_12)
FNDA:0,(anonymous_13)
FNDA:0,(anonymous_14)
FNDA:0,(anonymous_15)
FNDA:0,(anonymous_16)
DA:1,0
DA:8,0
DA:9,0
DA:10,0
DA:11,0
DA:24,0
DA:25,0
DA:35,0
DA:38,0
DA:39,0
DA:44,0
DA:46,0
DA:47,0
DA:48,0
DA:56,0
DA:57,0
DA:58,0
DA:60,0
DA:65,0
DA:67,0
DA:83,0
DA:84,0
DA:85,0
DA:86,0
DA:88,0
DA:92,0
DA:93,0
DA:94,0
DA:96,0
DA:98,0
DA:99,0
DA:100,0
DA:101,0
DA:106,0
DA:107,0
DA:110,0
DA:111,0
DA:114,0
DA:115,0
DA:128,0
DA:129,0
DA:130,0
DA:135,0
DA:137,0
DA:138,0
DA:152,0
DA:153,0
DA:154,0
DA:156,0
DA:161,0
DA:162,0
DA:170,0
DA:176,0
DA:177,0
DA:178,0
DA:180,0
DA:191,0
DA:192,0
DA:196,0
DA:198,0
LF:60
LH:0
BRDA:51,0,0,0
BRDA:51,0,1,0
BRDA:52,1,0,0
BRDA:52,1,1,0
BRDA:82,2,0,0
BRDA:92,3,0,0
BRDA:93,4,0,0
BRDA:114,5,0,0
BRDA:127,6,0,0
BRDA:137,7,0,0
BRDA:153,8,0,0
BRDA:161,9,0,0
BRDA:167,10,0,0
BRDA:167,10,1,0
BRDA:177,11,0,0
BRDA:189,12,0,0
BRF:16
BRH:0
end_of_record
TN:
SF:src/modules/cards/entities/user-card.entity.ts
FN:23,(anonymous_2)
FN:37,(anonymous_3)
FNF:2
FNH:0
FNDA:0,(anonymous_2)
FNDA:0,(anonymous_3)
DA:1,0
DA:8,0
DA:19,0
DA:21,0
DA:23,0
DA:24,0
DA:27,0
DA:31,0
DA:35,0
DA:37,0
DA:38,0
LF:11
LH:0
BRF:0
BRH:0
end_of_record
TN:
SF:src/modules/casino/casino.constants.ts
FN:88,totalWeight
FN:89,(anonymous_1)
FN:96,wheelRtp
FN:98,(anonymous_3)
FN:110,selectSegment
FN:122,rollSegment
FN:209,wheelSegmentViews
FN:211,(anonymous_7)
FNF:8
FNH:0
FNDA:0,totalWeight
FNDA:0,(anonymous_1)
FNDA:0,wheelRtp
FNDA:0,(anonymous_3)
FNDA:0,selectSegment
FNDA:0,rollSegment
FNDA:0,wheelSegmentViews
FNDA:0,(anonymous_7)
DA:52,0
DA:63,0
DA:79,0
DA:82,0
DA:85,0
DA:88,0
DA:89,0
DA:96,0
DA:97,0
DA:98,0
DA:101,0
DA:110,0
DA:111,0
DA:112,0
DA:113,0
DA:114,0
DA:115,0
DA:116,0
DA:118,0
DA:122,0
DA:123,0
DA:209,0
DA:210,0
DA:211,0
LF:24
LH:0
BRDA:111,0,0,0
BRDA:116,1,0,0
BRF:2
BRH:0
end_of_record
TN:
SF:src/modules/casino/casino.controller.ts
FN:51,(anonymous_4)
FN:59,(anonymous_5)
FN:72,(anonymous_6)
FN:81,(anonymous_7)
FN:94,(anonymous_8)
FN:107,(anonymous_9)
FN:116,(anonymous_10)
FN:129,(anonymous_11)
FN:138,(anonymous_12)
FN:151,(anonymous_13)
FN:160,(anonymous_14)
FN:173,(anonymous_15)
FN:182,(anonymous_16)
FN:195,(anonymous_17)
FN:204,(anonymous_18)
FN:216,(anonymous_19)
FN:223,(anonymous_20)
FNF:17
FNH:0
FNDA:0,(anonymous_4)
FNDA:0,(anonymous_5)
FNDA:0,(anonymous_6)
FNDA:0,(anonymous_7)
FNDA:0,(anonymous_8)
FNDA:0,(anonymous_9)
FNDA:0,(anonymous_10)
FNDA:0,(anonymous_11)
FNDA:0,(anonymous_12)
FNDA:0,(anonymous_13)
FNDA:0,(anonymous_14)
FNDA:0,(anonymous_15)
FNDA:0,(anonymous_16)
FNDA:0,(anonymous_17)
FNDA:0,(anonymous_18)
FNDA:0,(anonymous_19)
FNDA:0,(anonymous_20)
DA:1,0
DA:12,0
DA:14,0
DA:15,0
DA:16,0
DA:18,0
DA:24,0
DA:26,0
DA:28,0
DA:30,0
DA:32,0
DA:34,0
DA:35,0
DA:36,0
DA:37,0
DA:38,0
DA:39,0
DA:40,0
DA:46,0
DA:47,0
DA:48,0
DA:51,0
DA:52,0
DA:58,0
DA:60,0
DA:61,0
DA:62,0
DA:63,0
DA:64,0
DA:65,0
DA:66,0
DA:67,0
DA:72,0
DA:73,0
DA:74,0
DA:81,0
DA:85,0
DA:86,0
DA:87,0
DA:94,0
DA:98,0
DA:99,0
DA:100,0
DA:107,0
DA:108,0
DA:109,0
DA:116,0
DA:120,0
DA:121,0
DA:122,0
DA:129,0
DA:130,0
DA:131,0
DA:138,0
DA:142,0
DA:143,0
DA:144,0
DA:151,0
DA:152,0
DA:153,0
DA:160,0
DA:164,0
DA:165,0
DA:166,0
DA:173,0
DA:174,0
DA:175,0
DA:182,0
DA:186,0
DA:187,0
DA:188,0
DA:195,0
DA:196,0
DA:197,0
DA:204,0
DA:208,0
DA:209,0
DA:210,0
DA:217,0
DA:218,0
DA:219,0
DA:224,0
DA:232,0
LF:83
LH:0
BRDA:218,0,0,0
BRDA:224,1,0,0
BRF:2
BRH:0
end_of_record
TN:
SF:src/modules/casino/casino.engine.ts
FN:68,(anonymous_2)
FN:75,(anonymous_3)
FN:81,(anonymous_4)
FN:98,(anonymous_5)
FN:119,(anonymous_6)
FN:142,(anonymous_7)
FNF:6
FNH:0
FNDA:0,(anonymous_2)
FNDA:0,(anonymous_3)
FNDA:0,(anonymous_4)
FNDA:0,(anonymous_5)
FNDA:0,(anonymous_6)
FNDA:0,(anonymous_7)
DA:1,0
DA:8,0
DA:9,0
DA:10,0
DA:17,0
DA:18,0
DA:23,0
DA:67,0
DA:68,0
DA:80,0
DA:81,0
DA:82,0
DA:83,0
DA:84,0
DA:86,0
DA:87,0
DA:89,0
DA:92,0
DA:93,0
DA:106,0
DA:111,0
DA:112,0
DA:125,0
DA:126,0
DA:128,0
DA:129,0
DA:130,0
DA:131,0
DA:135,0
DA:139,0
DA:142,0
DA:143,0
DA:144,0
DA:145,0
DA:147,0
DA:150,0
DA:151,0
DA:152,0
DA:154,0
DA:155,0
DA:159,0
DA:160,0
DA:161,0
DA:162,0
DA:165,0
DA:166,0
DA:167,0
DA:171,0
DA:189,0
LF:49
LH:0
BRDA:83,0,0,0
BRDA:86,1,0,0
BRDA:92,2,0,0
BRDA:111,3,0,0
BRDA:128,4,0,0
BRDA:128,4,1,0
BRDA:129,5,0,0
BRDA:129,5,1,0
BRDA:135,6,0,0
BRDA:135,6,1,0
BRDA:139,7,0,0
BRDA:139,7,1,0
BRDA:144,8,0,0
BRDA:160,9,0,0
BRDA:165,10,0,0
BRDA:166,11,0,0
BRDA:166,11,1,0
BRF:17
BRH:0
end_of_record
TN:
SF:src/modules/casino/casino.fair.ts
FN:24,generateServerSeed
FN:29,hashSeed
FN:37,computeRoll
FN:58,computeRolls
FNF:4
FNH:0
FNDA:0,generateServerSeed
FNDA:0,hashSeed
FNDA:0,computeRoll
FNDA:0,computeRolls
DA:1,0
DA:18,0
DA:21,0
DA:24,0
DA:25,0
DA:29,0
DA:30,0
DA:37,0
DA:42,0
DA:45,0
DA:46,0
DA:58,0
DA:64,0
DA:65,0
DA:66,0
DA:69,0
DA:71,0
LF:17
LH:0
BRF:0
BRH:0
end_of_record
TN:
SF:src/modules/casino/casino.module.ts
FNF:0
FNH:0
DA:1,0
DA:2,0
DA:3,0
DA:4,0
DA:5,0
DA:6,0
DA:7,0
DA:8,0
DA:9,0
DA:10,0
DA:11,0
DA:12,0
DA:13,0
DA:14,0
DA:36,0
LF:15
LH:0
BRF:0
BRH:0
end_of_record
TN:
SF:src/modules/casino/casino.service.ts
FN:32,(anonymous_4)
FN:42,(anonymous_5)
FN:62,(anonymous_6)
FN:66,(anonymous_7)
FN:78,(anonymous_8)
FN:100,(anonymous_9)
FN:111,(anonymous_10)
FN:117,(anonymous_11)
FN:123,(anonymous_12)
FN:139,startOfUtcDay
FNF:10
FNH:0
FNDA:0,(anonymous_4)
FNDA:0,(anonymous_5)
FNDA:0,(anonymous_6)
FNDA:0,(anonymous_7)
FNDA:0,(anonymous_8)
FNDA:0,(anonymous_9)
FNDA:0,(anonymous_10)
FNDA:0,(anonymous_11)
FNDA:0,(anonymous_12)
FNDA:0,startOfUtcDay
DA:1,0
DA:2,0
DA:3,0
DA:5,0
DA:18,0
DA:19,0
DA:31,0
DA:34,0
DA:35,0
DA:43,0
DA:47,0
DA:63,0
DA:67,0
DA:68,0
DA:83,0
DA:88,0
DA:93,0
DA:108,0
DA:112,0
DA:113,0
DA:117,0
DA:119,0
DA:127,0
DA:140,0
LF:24
LH:0
BRDA:62,0,0,0
BRDA:67,1,0,0
BRDA:81,2,0,0
BRDA:83,3,0,0
BRDA:84,4,0,0
BRDA:84,4,1,0
BRDA:84,4,2,0
BRDA:106,5,0,0
BRDA:117,6,0,0
BRDA:117,6,1,0
BRDA:139,7,0,0
BRF:11
BRH:0
end_of_record
TN:
SF:src/modules/casino/dice.constants.ts
FN:37,diceValue
FN:42,targetBounds
FN:56,diceWinningOutcomes
FN:64,diceWin
FN:77,diceMultiplier
FN:89,diceRtp
FNF:6
FNH:0
FNDA:0,diceValue
FNDA:0,targetBounds
FNDA:0,diceWinningOutcomes
FNDA:0,diceWin
FNDA:0,diceMultiplier
FNDA:0,diceRtp
DA:18,0
DA:21,0
DA:24,0
DA:27,0
DA:37,0
DA:38,0
DA:42,0
DA:46,0
DA:56,0
DA:60,0
DA:64,0
DA:69,0
DA:77,0
DA:81,0
DA:89,0
DA:90,0
DA:91,0
DA:92,0
LF:18
LH:0
BRDA:46,0,0,0
BRDA:46,0,1,0
BRDA:60,1,0,0
BRDA:60,1,1,0
BRDA:69,2,0,0
BRDA:69,2,1,0
BRF:6
BRH:0
end_of_record
TN:
SF:src/modules/casino/dice.service.ts
FN:34,(anonymous_2)
FN:37,(anonymous_3)
FN:58,(anonymous_4)
FN:93,(anonymous_5)
FNF:4
FNH:0
FNDA:0,(anonymous_2)
FNDA:0,(anonymous_3)
FNDA:0,(anonymous_4)
FNDA:0,(anonymous_5)
DA:1,0
DA:3,0
DA:9,0
DA:10,0
DA:33,0
DA:34,0
DA:38,0
DA:39,0
DA:40,0
DA:65,0
DA:66,0
DA:70,0
DA:71,0
DA:76,0
DA:80,0
DA:85,0
DA:90,0
DA:94,0
DA:95,0
DA:96,0
LF:20
LH:0
BRDA:63,0,0,0
BRDA:65,1,0,0
BRDA:71,2,0,0
BRDA:72,3,0,0
BRDA:72,3,1,0
BRDA:72,3,2,0
BRDA:80,4,0,0
BRDA:81,5,0,0
BRDA:81,5,1,0
BRDA:81,5,2,0
BRDA:98,6,0,0
BRDA:98,6,1,0
BRF:12
BRH:0
end_of_record
TN:
SF:src/modules/casino/flip.constants.ts
FN:28,flipSide
FN:37,flipRtp
FNF:2
FNH:0
FNDA:0,flipSide
FNDA:0,flipRtp
DA:16,0
DA:22,0
DA:25,0
DA:28,0
DA:29,0
DA:37,0
DA:38,0
DA:39,0
LF:8
LH:0
BRDA:29,0,0,0
BRDA:29,0,1,0
BRF:2
BRH:0
end_of_record
TN:
SF:src/modules/casino/flip.service.ts
FN:30,(anonymous_2)
FN:33,(anonymous_3)
FN:48,(anonymous_4)
FN:72,(anonymous_5)
FNF:4
FNH:0
FNDA:0,(anonymous_2)
FNDA:0,(anonymous_3)
FNDA:0,(anonymous_4)
FNDA:0,(anonymous_5)
DA:1,0
DA:3,0
DA:9,0
DA:10,0
DA:29,0
DA:30,0
DA:34,0
DA:54,0
DA:55,0
DA:59,0
DA:64,0
DA:69,0
DA:73,0
DA:74,0
LF:14
LH:0
BRDA:52,0,0,0
BRDA:54,1,0,0
BRDA:59,2,0,0
BRDA:60,3,0,0
BRDA:60,3,1,0
BRDA:60,3,2,0
BRDA:76,4,0,0
BRDA:76,4,1,0
BRF:8
BRH:0
end_of_record
TN:
SF:src/modules/casino/monte.constants.ts
FN:29,winningShell
FN:38,monteRtp
FNF:2
FNH:0
FNDA:0,winningShell
FNDA:0,monteRtp
DA:16,0
DA:22,0
DA:29,0
DA:30,0
DA:38,0
DA:39,0
DA:40,0
DA:41,0
DA:43,0
DA:44,0
DA:46,0
LF:11
LH:0
BRDA:43,0,0,0
BRDA:43,0,1,0
BRF:2
BRH:0
end_of_record
TN:
SF:src/modules/casino/monte.service.ts
FN:30,(anonymous_2)
FN:33,(anonymous_3)
FN:49,(anonymous_4)
FN:80,(anonymous_5)
FNF:4
FNH:0
FNDA:0,(anonymous_2)
FNDA:0,(anonymous_3)
FNDA:0,(anonymous_4)
FNDA:0,(anonymous_5)
DA:1,0
DA:3,0
DA:9,0
DA:10,0
DA:29,0
DA:30,0
DA:34,0
DA:56,0
DA:57,0
DA:58,0
DA:62,0
DA:63,0
DA:67,0
DA:72,0
DA:77,0
DA:81,0
DA:82,0
LF:17
LH:0
BRDA:54,0,0,0
BRDA:56,1,0,0
BRDA:56,1,1,0
BRDA:57,2,0,0
BRDA:62,3,0,0
BRDA:62,4,0,0
BRDA:62,4,1,0
BRDA:62,4,2,0
BRDA:67,5,0,0
BRDA:68,6,0,0
BRDA:68,6,1,0
BRDA:68,6,2,0
BRDA:84,7,0,0
BRDA:84,7,1,0
BRF:14
BRH:0
end_of_record
TN:
SF:src/modules/casino/plinko.constants.ts
FN:45,binomial
FN:55,bucketProbability
FN:63,bucketIndexFromRolls
FN:64,(anonymous_3)
FN:73,bucketMultipliers
FN:79,(anonymous_5)
FN:82,(anonymous_6)
FN:86,bucketMultiplier
FN:94,evaluateDrop
FN:110,plinkoRtp
FN:137,plinkoTierView
FNF:11
FNH:0
FNDA:0,binomial
FNDA:0,bucketProbability
FNDA:0,bucketIndexFromRolls
FNDA:0,(anonymous_3)
FNDA:0,bucketMultipliers
FNDA:0,(anonymous_5)
FNDA:0,(anonymous_6)
FNDA:0,bucketMultiplier
FNDA:0,evaluateDrop
FNDA:0,plinkoRtp
FNDA:0,plinkoTierView
DA:23,0
DA:29,0
DA:36,0
DA:39,0
DA:45,0
DA:46,0
DA:47,0
DA:48,0
DA:49,0
DA:51,0
DA:55,0
DA:56,0
DA:63,0
DA:64,0
DA:74,0
DA:75,0
DA:76,0
DA:78,0
DA:79,0
DA:82,0
DA:86,0
DA:87,0
DA:94,0
DA:98,0
DA:99,0
DA:110,0
DA:111,0
DA:112,0
DA:113,0
DA:115,0
DA:137,0
DA:138,0
DA:139,0
DA:140,0
DA:146,0
LF:35
LH:0
BRDA:46,0,0,0
BRDA:46,1,0,0
BRDA:46,1,1,0
BRF:3
BRH:0
end_of_record
TN:
SF:src/modules/casino/plinko.service.ts
FN:30,(anonymous_2)
FN:33,(anonymous_3)
FN:37,(anonymous_4)
FN:49,(anonymous_5)
FN:81,(anonymous_6)
FN:84,(anonymous_7)
FNF:6
FNH:0
FNDA:0,(anonymous_2)
FNDA:0,(anonymous_3)
FNDA:0,(anonymous_4)
FNDA:0,(anonymous_5)
FNDA:0,(anonymous_6)
FNDA:0,(anonymous_7)
DA:1,0
DA:3,0
DA:9,0
DA:10,0
DA:29,0
DA:30,0
DA:34,0
DA:37,0
DA:55,0
DA:56,0
DA:57,0
DA:61,0
DA:66,0
DA:71,0
DA:82,0
DA:84,0
LF:16
LH:0
BRDA:53,0,0,0
BRDA:55,1,0,0
BRDA:55,1,1,0
BRDA:56,2,0,0
BRDA:61,3,0,0
BRDA:62,4,0,0
BRDA:62,4,1,0
BRDA:62,4,2,0
BRF:8
BRH:0
end_of_record
TN:
SF:src/modules/casino/slots.constants.ts
FN:61,slotTotalWeight
FN:62,(anonymous_1)
FN:70,selectSymbol
FN:86,evaluate
FN:91,(anonymous_4)
FN:101,slotsRtp
FN:139,slotSymbolViews
FN:141,(anonymous_7)
FNF:8
FNH:0
FNDA:0,slotTotalWeight
FNDA:0,(anonymous_1)
FNDA:0,selectSymbol
FNDA:0,evaluate
FNDA:0,(anonymous_4)
FNDA:0,slotsRtp
FNDA:0,slotSymbolViews
FNDA:0,(anonymous_7)
DA:32,0
DA:38,0
DA:51,0
DA:61,0
DA:62,0
DA:70,0
DA:71,0
DA:72,0
DA:73,0
DA:74,0
DA:75,0
DA:76,0
DA:78,0
DA:86,0
DA:90,0
DA:91,0
DA:92,0
DA:93,0
DA:101,0
DA:102,0
DA:103,0
DA:104,0
DA:105,0
DA:106,0
DA:108,0
DA:109,0
DA:113,0
DA:139,0
DA:140,0
DA:141,0
LF:30
LH:0
BRDA:71,0,0,0
BRDA:76,1,0,0
BRDA:92,2,0,0
BRDA:92,2,1,0
BRDA:92,3,0,0
BRDA:92,3,1,0
BRDA:144,4,0,0
BRDA:144,4,1,0
BRF:8
BRH:0
end_of_record
TN:
SF:src/modules/casino/slots.service.ts
FN:30,(anonymous_2)
FN:33,(anonymous_3)
FN:49,(anonymous_4)
FN:74,(anonymous_5)
FN:76,(anonymous_6)
FNF:5
FNH:0
FNDA:0,(anonymous_2)
FNDA:0,(anonymous_3)
FNDA:0,(anonymous_4)
FNDA:0,(anonymous_5)
FNDA:0,(anonymous_6)
DA:1,0
DA:3,0
DA:9,0
DA:10,0
DA:29,0
DA:30,0
DA:34,0
DA:54,0
DA:59,0
DA:64,0
DA:75,0
DA:77,0
LF:12
LH:0
BRDA:52,0,0,0
BRDA:54,1,0,0
BRDA:55,2,0,0
BRDA:55,2,1,0
BRDA:55,2,2,0
BRF:5
BRH:0
end_of_record
TN:
SF:src/modules/casino/dto/dice.dto.ts
FNF:0
FNH:0
DA:1,0
DA:10,0
DA:11,0
DA:14,0
DA:21,0
DA:25,0
DA:28,0
DA:33,0
DA:38,0
LF:9
LH:0
BRF:0
BRH:0
end_of_record
TN:
SF:src/modules/casino/dto/flip.dto.ts
FNF:0
FNH:0
DA:1,0
DA:10,0
DA:11,0
DA:14,0
DA:17,0
DA:21,0
DA:24,0
DA:29,0
LF:8
LH:0
BRF:0
BRH:0
end_of_record
TN:
SF:src/modules/casino/dto/monte.dto.ts
FNF:0
FNH:0
DA:1,0
DA:10,0
DA:11,0
DA:14,0
DA:21,0
DA:25,0
DA:29,0
DA:33,0
DA:38,0
LF:9
LH:0
BRF:0
BRH:0
end_of_record
TN:
SF:src/modules/casino/dto/plinko.dto.ts
FNF:0
FNH:0
DA:1,0
DA:10,0
DA:11,0
DA:14,0
DA:17,0
DA:21,0
DA:25,0
DA:30,0
LF:8
LH:0
BRF:0
BRH:0
end_of_record
TN:
SF:src/modules/casino/dto/slots.dto.ts
FNF:0
FNH:0
DA:1,0
DA:2,0
DA:5,0
DA:8,0
DA:12,0
DA:17,0
LF:6
LH:0
BRF:0
BRH:0
end_of_record
TN:
SF:src/modules/casino/dto/spin.dto.ts
FNF:0
FNH:0
DA:1,0
DA:2,0
DA:5,0
DA:8,0
DA:12,0
DA:16,0
DA:20,0
DA:25,0
LF:8
LH:0
BRF:0
BRH:0
end_of_record
TN:
SF:src/modules/casino/entities/wager.entity.ts
FN:28,(anonymous_2)
FNF:1
FNH:0
FNDA:0,(anonymous_2)
DA:1,0
DA:10,0
DA:24,0
DA:26,0
DA:28,0
DA:29,0
DA:36,0
DA:40,0
DA:48,0
DA:52,0
DA:60,0
DA:64,0
DA:68,0
DA:72,0
DA:76,0
DA:80,0
DA:84,0
DA:88,0
DA:91,0
LF:19
LH:0
BRF:0
BRH:0
end_of_record
TN:
SF:src/modules/chat/chat.controller.ts
FN:34,(anonymous_4)
FN:38,(anonymous_5)
FN:47,(anonymous_6)
FN:60,(anonymous_7)
FN:76,(anonymous_8)
FN:93,(anonymous_9)
FN:108,(anonymous_10)
FN:124,(anonymous_11)
FN:135,(anonymous_12)
FN:145,(anonymous_13)
FN:154,(anonymous_14)
FNF:11
FNH:0
FNDA:0,(anonymous_4)
FNDA:0,(anonymous_5)
FNDA:0,(anonymous_6)
FNDA:0,(anonymous_7)
FNDA:0,(anonymous_8)
FNDA:0,(anonymous_9)
FNDA:0,(anonymous_10)
FNDA:0,(anonymous_11)
FNDA:0,(anonymous_12)
FNDA:0,(anonymous_13)
FNDA:0,(anonymous_14)
DA:1,0
DA:14,0
DA:15,0
DA:16,0
DA:21,0
DA:33,0
DA:34,0
DA:38,0
DA:41,0
DA:47,0
DA:51,0
DA:60,0
DA:64,0
DA:76,0
DA:82,0
DA:83,0
DA:84,0
DA:93,0
DA:98,0
DA:108,0
DA:113,0
DA:114,0
DA:124,0
DA:128,0
DA:129,0
DA:135,0
DA:139,0
DA:140,0
DA:146,0
DA:147,0
DA:148,0
DA:149,0
DA:151,0
DA:155,0
DA:156,0
DA:157,0
DA:158,0
DA:160,0
LF:38
LH:0
BRDA:146,0,0,0
BRDA:148,1,0,0
BRDA:155,2,0,0
BRDA:157,3,0,0
BRDA:157,4,0,0
BRDA:157,4,1,0
BRF:6
BRH:0
end_of_record
TN:
SF:src/modules/chat/chat.module.ts
FNF:0
FNH:0
DA:1,0
DA:2,0
DA:3,0
DA:4,0
DA:5,0
DA:6,0
DA:7,0
DA:8,0
DA:9,0
DA:10,0
DA:30,0
LF:11
LH:0
BRF:0
BRH:0
end_of_record
TN:
SF:src/modules/chat/chat.service.ts
FN:30,chatRoomName
FN:95,(anonymous_5)
FN:109,(anonymous_6)
FN:122,(anonymous_7)
FN:136,(anonymous_8)
FN:137,(anonymous_9)
FN:161,(anonymous_10)
FN:206,(anonymous_11)
FN:218,(anonymous_12)
FN:234,(anonymous_13)
FN:236,(anonymous_14)
FN:241,(anonymous_15)
FN:251,(anonymous_16)
FN:288,(anonymous_17)
FN:357,(anonymous_18)
FN:431,(anonymous_19)
FN:513,(anonymous_20)
FN:538,(anonymous_21)
FN:546,(anonymous_22)
FN:552,(anonymous_23)
FN:558,(anonymous_24)
FN:576,(anonymous_25)
FN:582,(anonymous_26)
FN:585,(anonymous_27)
FN:591,(anonymous_28)
FN:607,(anonymous_29)
FN:621,(anonymous_30)
FN:648,(anonymous_31)
FN:656,(anonymous_32)
FN:689,(anonymous_33)
FN:700,(anonymous_34)
FN:709,(anonymous_35)
FN:722,(anonymous_36)
FN:754,(anonymous_37)
FN:762,(anonymous_38)
FN:779,(anonymous_39)
FN:790,(anonymous_40)
FN:811,(anonymous_41)
FNF:38
FNH:38
FNDA:12,chatRoomName
FNDA:66,(anonymous_5)
FNDA:10,(anonymous_6)
FNDA:9,(anonymous_7)
FNDA:2,(anonymous_8)
FNDA:2,(anonymous_9)
FNDA:3,(anonymous_10)
FNDA:8,(anonymous_11)
FNDA:12,(anonymous_12)
FNDA:6,(anonymous_13)
FNDA:6,(anonymous_14)
FNDA:3,(anonymous_15)
FNDA:7,(anonymous_16)
FNDA:8,(anonymous_17)
FNDA:9,(anonymous_18)
FNDA:13,(anonymous_19)
FNDA:1,(anonymous_20)
FNDA:3,(anonymous_21)
FNDA:2,(anonymous_22)
FNDA:2,(anonymous_23)
FNDA:1,(anonymous_24)
FNDA:8,(anonymous_25)
FNDA:5,(anonymous_26)
FNDA:3,(anonymous_27)
FNDA:3,(anonymous_28)
FNDA:3,(anonymous_29)
FNDA:4,(anonymous_30)
FNDA:1,(anonymous_31)
FNDA:3,(anonymous_32)
FNDA:8,(anonymous_33)
FNDA:4,(anonymous_34)
FNDA:5,(anonymous_35)
FNDA:7,(anonymous_36)
FNDA:3,(anonymous_37)
FNDA:2,(anonymous_38)
FNDA:2,(anonymous_39)
FNDA:6,(anonymous_40)
FNDA:8,(anonymous_41)
DA:1,1
DA:9,1
DA:10,1
DA:12,1
DA:13,1
DA:14,1
DA:15,1
DA:16,1
DA:17,1
DA:24,1
DA:27,1
DA:30,1
DA:31,12
DA:38,1
DA:49,1
DA:91,1
DA:93,66
DA:97,66
DA:99,66
DA:101,66
DA:103,66
DA:104,66
DA:105,66
DA:110,10
DA:126,9
DA:127,9
DA:128,1
DA:131,8
DA:135,7
DA:136,2
DA:137,2
DA:139,7
DA:140,2
DA:144,2
DA:147,5
DA:151,5
DA:152,1
DA:157,4
DA:158,4
DA:160,3
DA:162,3
DA:165,3
DA:175,3
DA:181,3
DA:182,3
DA:184,4
DA:189,3
DA:191,1
DA:211,8
DA:212,8
DA:213,8
DA:214,1
DA:217,7
DA:218,12
DA:220,7
DA:221,1
DA:226,6
DA:229,5
DA:230,1
DA:233,4
DA:234,6
DA:236,6
DA:237,1
DA:240,3
DA:242,3
DA:250,3
DA:252,7
DA:257,3
DA:259,3
DA:263,3
DA:264,3
DA:266,5
DA:271,4
DA:273,1
DA:289,8
DA:290,8
DA:293,7
DA:294,6
DA:295,1
DA:298,5
DA:301,5
DA:302,1
DA:307,4
DA:309,4
DA:311,4
DA:320,4
DA:321,4
DA:325,4
DA:327,4
DA:337,4
DA:338,4
DA:340,4
DA:345,3
DA:347,1
DA:362,9
DA:363,9
DA:366,8
DA:367,7
DA:368,1
DA:373,6
DA:376,6
DA:377,1
DA:382,5
DA:385,5
DA:386,1
DA:389,4
DA:392,4
DA:394,3
DA:398,3
DA:399,1
DA:402,2
DA:406,2
DA:408,7
DA:414,6
DA:416,1
DA:438,13
DA:439,13
DA:440,13
DA:441,1
DA:443,12
DA:444,1
DA:449,11
DA:452,10
DA:453,1
DA:456,9
DA:459,9
DA:460,1
DA:467,8
DA:471,8
DA:472,6
DA:473,6
DA:474,3
DA:478,3
DA:479,1
DA:488,7
DA:490,7
DA:500,7
DA:501,7
DA:505,7
DA:511,7
DA:513,1
DA:515,7
DA:517,7
DA:524,7
DA:526,6
DA:531,5
DA:533,1
DA:539,3
DA:540,3
DA:544,2
DA:546,2
DA:547,1
DA:552,1
DA:553,2
DA:558,1
DA:559,1
DA:560,1
DA:561,1
DA:562,1
DA:565,1
DA:577,8
DA:578,8
DA:582,6
DA:583,6
DA:585,3
DA:586,3
DA:591,3
DA:592,3
DA:595,2
DA:608,3
DA:609,2
DA:610,2
DA:611,1
DA:626,4
DA:627,4
DA:630,3
DA:631,1
DA:636,2
DA:637,2
DA:638,1
DA:641,2
DA:648,2
DA:650,2
DA:651,1
DA:657,3
DA:658,3
DA:661,2
DA:662,1
DA:667,1
DA:668,1
DA:670,2
DA:671,1
DA:690,8
DA:691,3
DA:692,3
DA:693,5
DA:694,3
DA:701,4
DA:702,2
DA:703,2
DA:704,1
DA:710,5
DA:711,5
DA:712,4
DA:713,2
DA:728,7
DA:730,3
DA:731,3
DA:741,3
DA:743,4
DA:746,4
DA:748,2
DA:749,2
DA:759,3
DA:760,3
DA:761,3
DA:763,2
DA:765,3
DA:768,3
DA:784,2
DA:785,2
DA:786,2
DA:788,2
DA:789,2
DA:791,6
DA:793,2
DA:794,2
DA:795,2
DA:798,2
DA:812,8
LF:230
LH:230
BRDA:127,0,0,1
BRDA:139,1,0,2
BRDA:144,2,0,2
BRDA:151,3,0,1
BRDA:158,4,0,1
BRDA:184,5,0,3
BRDA:185,6,0,4
BRDA:185,6,1,3
BRDA:185,6,2,2
BRDA:213,7,0,1
BRDA:220,8,0,1
BRDA:229,9,0,1
BRDA:236,10,0,1
BRDA:266,11,0,4
BRDA:267,12,0,5
BRDA:267,12,1,3
BRDA:267,12,2,2
BRDA:293,13,0,1
BRDA:294,14,0,1
BRDA:301,15,0,1
BRDA:316,16,0,4
BRDA:316,16,1,0
BRDA:331,17,0,4
BRDA:331,17,1,0
BRDA:340,18,0,3
BRDA:341,19,0,4
BRDA:341,19,1,3
BRDA:341,19,2,2
BRDA:366,20,0,1
BRDA:367,21,0,1
BRDA:376,22,0,1
BRDA:385,23,0,1
BRDA:392,24,0,1
BRDA:398,25,0,1
BRDA:408,26,0,6
BRDA:409,27,0,7
BRDA:409,27,1,6
BRDA:409,27,2,4
BRDA:409,27,3,2
BRDA:435,28,0,13
BRDA:436,29,0,13
BRDA:440,30,0,1
BRDA:443,31,0,1
BRDA:452,32,0,1
BRDA:459,33,0,1
BRDA:471,34,0,6
BRDA:473,35,0,3
BRDA:478,36,0,1
BRDA:515,37,0,7
BRDA:515,37,1,1
BRDA:526,38,0,5
BRDA:527,39,0,6
BRDA:527,39,1,4
BRDA:527,39,2,3
BRDA:544,40,0,1
BRDA:559,41,0,0
BRDA:559,42,0,1
BRDA:559,42,1,0
BRDA:560,43,0,0
BRDA:561,44,0,0
BRDA:583,45,0,3
BRDA:608,46,0,1
BRDA:624,47,0,3
BRDA:630,48,0,1
BRDA:637,49,0,1
BRDA:645,50,0,2
BRDA:645,50,1,1
BRDA:650,51,0,1
BRDA:661,52,0,1
BRDA:670,53,0,1
BRDA:690,54,0,5
BRDA:701,55,0,2
BRDA:711,56,0,1
BRDA:712,57,0,2
BRDA:728,58,0,4
BRDA:730,59,0,1
BRDA:730,59,1,2
BRDA:730,60,0,1
BRDA:730,60,1,0
BRDA:736,61,0,3
BRDA:736,61,1,0
BRDA:743,62,0,4
BRDA:743,62,1,4
BRDA:743,62,2,4
BRDA:746,63,0,2
BRDA:759,64,0,3
BRDA:759,64,1,3
BRDA:760,65,0,3
BRDA:763,66,0,2
BRDA:763,66,1,2
BRDA:765,67,0,3
BRDA:765,67,1,2
BRDA:773,68,0,3
BRDA:773,68,1,0
BRDA:788,69,0,2
BRDA:791,70,0,6
BRDA:791,70,1,4
BRDA:793,71,0,2
BRDA:793,71,1,0
BRDA:794,72,0,2
BRDA:794,72,1,2
BRDA:795,73,0,2
BRDA:795,73,1,0
BRDA:804,74,0,2
BRDA:804,74,1,0
BRDA:816,75,0,8
BRDA:816,75,1,1
BRF:107
BRH:95
end_of_record
TN:
SF:src/modules/chat/dto/chat.dto.ts
FNF:0
FNH:0
DA:1,0
DA:11,0
DA:14,0
DA:15,0
DA:17,0
DA:20,0
DA:23,0
DA:27,0
DA:34,0
DA:37,0
DA:41,0
DA:44,0
DA:47,0
LF:13
LH:0
BRF:0
BRH:0
end_of_record
TN:
SF:src/modules/chat/entities/conversation-participant.entity.ts
FN:25,(anonymous_2)
FN:31,(anonymous_3)
FNF:2
FNH:0
FNDA:0,(anonymous_2)
FNDA:0,(anonymous_3)
DA:1,1
DA:9,1
DA:10,1
DA:21,1
DA:23,1
DA:25,0
DA:26,1
DA:29,1
DA:31,0
DA:32,1
DA:35,1
DA:38,1
DA:41,1
LF:13
LH:11
BRF:0
BRH:0
end_of_record
TN:
SF:src/modules/chat/entities/conversation.entity.ts
FN:36,(anonymous_2)
FNF:1
FNH:0
FNDA:0,(anonymous_2)
DA:1,1
DA:9,1
DA:24,1
DA:26,1
DA:29,1
DA:33,1
DA:36,0
DA:37,1
DA:40,1
DA:43,1
DA:46,1
DA:49,1
DA:52,1
LF:13
LH:12
BRF:0
BRH:0
end_of_record
TN:
SF:src/modules/chat/entities/message.entity.ts
FN:34,(anonymous_2)
FN:40,(anonymous_3)
FNF:2
FNH:0
FNDA:0,(anonymous_2)
FNDA:0,(anonymous_3)
DA:1,1
DA:9,1
DA:10,1
DA:26,1
DA:30,1
DA:32,1
DA:34,0
DA:35,1
DA:38,1
DA:40,0
DA:41,1
DA:44,1
DA:47,1
DA:50,1
DA:53,1
DA:56,1
LF:16
LH:14
BRF:0
BRH:0
end_of_record
TN:
SF:src/modules/customization/customization.constants.ts
FN:300,findCosmetic
FN:304,(anonymous_1)
FN:307,normalizeCosmeticId
FNF:3
FNH:0
FNDA:0,findCosmetic
FNDA:0,(anonymous_1)
FNDA:0,normalizeCosmeticId
DA:28,0
DA:34,0
DA:300,0
DA:303,0
DA:304,0
DA:307,0
DA:308,0
LF:7
LH:0
BRDA:308,0,0,0
BRDA:308,0,1,0
BRF:2
BRH:0
end_of_record
TN:
SF:src/modules/customization/customization.controller.ts
FN:24,(anonymous_4)
FN:30,(anonymous_5)
FN:40,(anonymous_6)
FN:51,(anonymous_7)
FNF:4
FNH:0
FNDA:0,(anonymous_4)
FNDA:0,(anonymous_5)
FNDA:0,(anonymous_6)
FNDA:0,(anonymous_7)
DA:1,0
DA:10,0
DA:11,0
DA:12,0
DA:13,0
DA:15,0
DA:16,0
DA:17,0
DA:23,0
DA:25,0
DA:26,0
DA:30,0
DA:33,0
DA:34,0
DA:35,0
DA:40,0
DA:44,0
DA:45,0
DA:46,0
DA:51,0
DA:55,0
DA:56,0
DA:57,0
LF:23
LH:0
BRDA:34,0,0,0
BRDA:45,1,0,0
BRDA:56,2,0,0
BRF:3
BRH:0
end_of_record
TN:
SF:src/modules/customization/customization.module.ts
FNF:0
FNH:0
DA:1,0
DA:2,0
DA:3,0
DA:4,0
DA:5,0
DA:6,0
DA:7,0
DA:8,0
DA:19,0
LF:9
LH:0
BRF:0
BRH:0
end_of_record
TN:
SF:src/modules/customization/customization.service.ts
FN:24,(anonymous_4)
FN:36,(anonymous_5)
FN:42,(anonymous_6)
FN:72,(anonymous_7)
FN:77,(anonymous_8)
FN:119,(anonymous_9)
FN:133,(anonymous_10)
FN:141,(anonymous_11)
FN:144,(anonymous_12)
FN:152,(anonymous_13)
FN:155,(anonymous_14)
FN:161,(anonymous_15)
FN:168,(anonymous_16)
FN:173,(anonymous_17)
FN:198,(anonymous_18)
FN:213,(anonymous_19)
FN:229,(anonymous_20)
FN:231,(anonymous_21)
FN:235,(anonymous_22)
FNF:19
FNH:0
FNDA:0,(anonymous_4)
FNDA:0,(anonymous_5)
FNDA:0,(anonymous_6)
FNDA:0,(anonymous_7)
FNDA:0,(anonymous_8)
FNDA:0,(anonymous_9)
FNDA:0,(anonymous_10)
FNDA:0,(anonymous_11)
FNDA:0,(anonymous_12)
FNDA:0,(anonymous_13)
FNDA:0,(anonymous_14)
FNDA:0,(anonymous_15)
FNDA:0,(anonymous_16)
FNDA:0,(anonymous_17)
FNDA:0,(anonymous_18)
FNDA:0,(anonymous_19)
FNDA:0,(anonymous_20)
FNDA:0,(anonymous_21)
FNDA:0,(anonymous_22)
DA:1,0
DA:8,0
DA:9,0
DA:10,0
DA:11,0
DA:12,0
DA:13,0
DA:20,0
DA:23,0
DA:26,0
DA:28,0
DA:30,0
DA:31,0
DA:33,0
DA:37,0
DA:38,0
DA:39,0
DA:43,0
DA:45,0
DA:46,0
DA:47,0
DA:49,0
DA:50,0
DA:51,0
DA:52,0
DA:53,0
DA:54,0
DA:55,0
DA:56,0
DA:57,0
DA:58,0
DA:59,0
DA:60,0
DA:61,0
DA:62,0
DA:63,0
DA:64,0
DA:65,0
DA:67,0
DA:68,0
DA:69,0
DA:73,0
DA:74,0
DA:75,0
DA:77,0
DA:78,0
DA:79,0
DA:80,0
DA:82,0
DA:86,0
DA:88,0
DA:92,0
DA:96,0
DA:97,0
DA:99,0
DA:100,0
DA:101,0
DA:107,0
DA:108,0
DA:110,0
DA:111,0
DA:112,0
DA:114,0
DA:115,0
DA:124,0
DA:125,0
DA:126,0
DA:128,0
DA:129,0
DA:137,0
DA:141,0
DA:148,0
DA:152,0
DA:156,0
DA:157,0
DA:158,0
DA:165,0
DA:173,0
DA:174,0
DA:175,0
DA:181,0
DA:199,0
DA:200,0
DA:201,0
DA:202,0
DA:205,0
DA:206,0
DA:209,0
DA:210,0
DA:219,0
DA:220,0
DA:224,0
DA:225,0
DA:226,0
DA:230,0
DA:232,0
DA:236,0
DA:239,0
DA:240,0
LF:99
LH:0
BRDA:46,0,0,0
BRDA:49,1,0,0
BRDA:49,1,1,0
BRDA:50,2,0,0
BRDA:50,2,1,0
BRDA:53,3,0,0
BRDA:53,3,1,0
BRDA:54,4,0,0
BRDA:57,5,0,0
BRDA:61,6,0,0
BRDA:61,6,1,0
BRDA:62,7,0,0
BRDA:74,8,0,0
BRDA:86,9,0,0
BRDA:96,10,0,0
BRDA:99,11,0,0
BRDA:100,12,0,0
BRDA:107,13,0,0
BRDA:122,14,0,0
BRDA:128,15,0,0
BRDA:135,16,0,0
BRDA:146,17,0,0
BRDA:157,18,0,0
BRDA:165,19,0,0
BRDA:165,19,1,0
BRDA:185,20,0,0
BRDA:185,20,1,0
BRDA:193,21,0,0
BRDA:193,21,1,0
BRDA:199,22,0,0
BRDA:200,23,0,0
BRDA:200,23,1,0
BRDA:201,24,0,0
BRDA:203,25,0,0
BRDA:203,25,1,0
BRDA:205,26,0,0
BRDA:207,27,0,0
BRDA:207,27,1,0
BRDA:209,28,0,0
BRDA:219,29,0,0
BRDA:220,30,0,0
BRDA:221,31,0,0
BRDA:221,31,1,0
BRDA:225,32,0,0
BRDA:232,33,0,0
BRDA:232,33,1,0
BRDA:236,34,0,0
BRDA:236,34,1,0
BRDA:239,35,0,0
BRF:49
BRH:0
end_of_record
TN:
SF:src/modules/customization/dto/buy-cosmetic.dto.ts
FNF:0
FNH:0
DA:1,0
DA:3,0
DA:5,0
LF:3
LH:0
BRF:0
BRH:0
end_of_record
TN:
SF:src/modules/customization/dto/equip-cosmetic.dto.ts
FNF:0
FNH:0
DA:1,0
DA:3,0
DA:5,0
LF:3
LH:0
BRF:0
BRH:0
end_of_record
TN:
SF:src/modules/customization/entities/user-cosmetic.entity.ts
FN:16,(anonymous_2)
FN:22,(anonymous_3)
FNF:2
FNH:0
FNDA:0,(anonymous_2)
FNDA:0,(anonymous_3)
DA:1,0
DA:8,0
DA:12,0
DA:14,0
DA:16,0
DA:17,0
DA:20,0
DA:22,0
DA:23,0
LF:9
LH:0
BRF:0
BRH:0
end_of_record
TN:
SF:src/modules/friends/friends.controller.ts
FN:23,(anonymous_4)
FN:27,(anonymous_5)
FN:35,(anonymous_6)
FN:43,(anonymous_7)
FN:51,(anonymous_8)
FN:60,(anonymous_9)
FN:71,(anonymous_10)
FN:86,(anonymous_11)
FN:101,(anonymous_12)
FN:112,(anonymous_13)
FNF:10
FNH:0
FNDA:0,(anonymous_4)
FNDA:0,(anonymous_5)
FNDA:0,(anonymous_6)
FNDA:0,(anonymous_7)
FNDA:0,(anonymous_8)
FNDA:0,(anonymous_9)
FNDA:0,(anonymous_10)
FNDA:0,(anonymous_11)
FNDA:0,(anonymous_12)
FNDA:0,(anonymous_13)
DA:1,0
DA:13,0
DA:14,0
DA:15,0
DA:16,0
DA:22,0
DA:23,0
DA:27,0
DA:30,0
DA:35,0
DA:38,0
DA:43,0
DA:46,0
DA:51,0
DA:54,0
DA:60,0
DA:64,0
DA:65,0
DA:71,0
DA:75,0
DA:76,0
DA:86,0
DA:90,0
DA:91,0
DA:101,0
DA:105,0
DA:106,0
DA:112,0
DA:116,0
DA:117,0
LF:30
LH:0
BRF:0
BRH:0
end_of_record
TN:
SF:src/modules/friends/friends.module.ts
FNF:0
FNH:0
DA:1,0
DA:2,0
DA:3,0
DA:4,0
DA:5,0
DA:6,0
DA:7,0
DA:8,0
DA:27,0
LF:9
LH:0
BRF:0
BRH:0
end_of_record
TN:
SF:src/modules/friends/friends.service.ts
FN:51,(anonymous_4)
FN:65,(anonymous_5)
FN:111,(anonymous_6)
FN:129,(anonymous_7)
FN:146,(anonymous_8)
FN:151,(anonymous_9)
FN:171,(anonymous_10)
FN:192,(anonymous_11)
FN:213,(anonymous_12)
FN:246,(anonymous_13)
FN:256,(anonymous_14)
FN:282,(anonymous_15)
FN:289,(anonymous_16)
FN:306,(anonymous_17)
FN:313,(anonymous_18)
FN:334,(anonymous_19)
FN:372,(anonymous_20)
FN:377,(anonymous_21)
FN:389,(anonymous_22)
FN:406,(anonymous_23)
FN:431,(anonymous_24)
FN:441,(anonymous_25)
FNF:22
FNH:0
FNDA:0,(anonymous_4)
FNDA:0,(anonymous_5)
FNDA:0,(anonymous_6)
FNDA:0,(anonymous_7)
FNDA:0,(anonymous_8)
FNDA:0,(anonymous_9)
FNDA:0,(anonymous_10)
FNDA:0,(anonymous_11)
FNDA:0,(anonymous_12)
FNDA:0,(anonymous_13)
FNDA:0,(anonymous_14)
FNDA:0,(anonymous_15)
FNDA:0,(anonymous_16)
FNDA:0,(anonymous_17)
FNDA:0,(anonymous_18)
FNDA:0,(anonymous_19)
FNDA:0,(anonymous_20)
FNDA:0,(anonymous_21)
FNDA:0,(anonymous_22)
FNDA:0,(anonymous_23)
FNDA:0,(anonymous_24)
FNDA:0,(anonymous_25)
DA:1,1
DA:8,1
DA:9,1
DA:10,1
DA:14,1
DA:15,1
DA:16,1
DA:19,1
DA:50,1
DA:53,0
DA:55,0
DA:56,0
DA:57,0
DA:69,0
DA:70,0
DA:73,0
DA:75,0
DA:76,0
DA:82,0
DA:88,0
DA:89,0
DA:94,0
DA:98,0
DA:107,0
DA:111,0
DA:113,0
DA:118,0
DA:120,0
DA:133,0
DA:134,0
DA:137,0
DA:138,0
DA:140,0
DA:141,0
DA:144,0
DA:146,0
DA:147,0
DA:151,0
DA:153,0
DA:154,0
DA:172,0
DA:173,0
DA:178,0
DA:193,0
DA:194,0
DA:199,0
DA:218,0
DA:219,0
DA:220,0
DA:223,0
DA:228,0
DA:232,0
DA:240,0
DA:241,0
DA:247,0
DA:248,0
DA:256,0
DA:258,0
DA:259,0
DA:260,0
DA:277,0
DA:283,0
DA:284,0
DA:289,0
DA:299,0
DA:307,0
DA:308,0
DA:313,0
DA:323,0
DA:338,0
DA:339,0
DA:340,0
DA:343,0
DA:350,0
DA:351,0
DA:352,0
DA:355,0
DA:356,0
DA:359,0
DA:364,0
DA:365,0
DA:371,0
DA:373,0
DA:377,0
DA:378,0
DA:380,0
DA:389,0
DA:399,0
DA:400,0
DA:407,0
DA:408,0
DA:422,0
DA:424,0
DA:432,0
DA:433,0
DA:441,0
DA:442,0
DA:445,0
LF:98
LH:9
BRDA:73,0,0,0
BRDA:75,1,0,0
BRDA:88,2,0,0
BRDA:109,3,0,0
BRDA:109,3,1,0
BRDA:113,4,0,0
BRDA:114,5,0,0
BRDA:114,5,1,0
BRDA:114,5,2,0
BRDA:137,6,0,0
BRDA:149,7,0,0
BRDA:149,7,1,0
BRDA:153,8,0,0
BRDA:219,9,0,0
BRDA:223,10,0,0
BRDA:223,10,1,0
BRDA:240,11,0,0
BRDA:258,12,0,0
BRDA:258,12,1,0
BRDA:263,13,0,0
BRDA:263,13,1,0
BRDA:265,14,0,0
BRDA:265,14,1,0
BRDA:270,15,0,0
BRDA:270,15,1,0
BRDA:292,16,0,0
BRDA:292,16,1,0
BRDA:294,17,0,0
BRDA:294,17,1,0
BRDA:316,18,0,0
BRDA:316,18,1,0
BRDA:318,19,0,0
BRDA:318,19,1,0
BRDA:336,20,0,0
BRDA:340,21,0,0
BRDA:352,22,0,0
BRDA:352,22,1,0
BRDA:355,23,0,0
BRDA:355,24,0,0
BRDA:355,24,1,0
BRDA:359,25,0,0
BRDA:373,26,0,0
BRDA:373,26,1,0
BRDA:378,27,0,0
BRDA:392,28,0,0
BRDA:392,28,1,0
BRDA:394,29,0,0
BRDA:394,29,1,0
BRDA:399,30,0,0
BRDA:442,31,0,0
BRDA:442,31,1,0
BRF:51
BRH:0
end_of_record
TN:
SF:src/modules/friends/dto/friend-action.dto.ts
FNF:0
FNH:0
DA:1,0
DA:9,0
DA:13,0
DA:16,0
DA:19,0
LF:5
LH:0
BRF:0
BRH:0
end_of_record
TN:
SF:src/modules/friends/entities/friendship.entity.ts
FN:36,(anonymous_2)
FN:42,(anonymous_3)
FNF:2
FNH:0
FNDA:0,(anonymous_2)
FNDA:0,(anonymous_3)
DA:1,1
DA:11,1
DA:32,1
DA:34,1
DA:36,0
DA:37,1
DA:40,1
DA:42,0
DA:43,1
DA:46,1
DA:50,1
DA:53,1
DA:56,1
LF:13
LH:11
BRF:0
BRH:0
end_of_record
TN:
SF:src/modules/game-results/game-results.controller.ts
FN:22,(anonymous_4)
FN:39,(anonymous_5)
FNF:2
FNH:0
FNDA:0,(anonymous_4)
FNDA:0,(anonymous_5)
DA:1,0
DA:10,0
DA:11,0
DA:12,0
DA:13,0
DA:14,0
DA:15,0
DA:21,0
DA:23,0
DA:24,0
DA:39,0
DA:43,0
DA:44,0
DA:46,0
DA:47,0
DA:59,0
LF:16
LH:0
BRDA:44,0,0,0
BRDA:46,1,0,0
BRF:2
BRH:0
end_of_record
TN:
SF:src/modules/game-results/game-results.module.ts
FNF:0
FNH:0
DA:1,0
DA:2,0
DA:3,0
DA:4,0
DA:5,0
DA:6,0
DA:7,0
DA:8,0
DA:21,0
LF:9
LH:0
BRF:0
BRH:0
end_of_record
TN:
SF:src/modules/game-results/game-results.service.ts
FN:38,(anonymous_4)
FN:46,(anonymous_5)
FN:122,(anonymous_6)
FN:138,(anonymous_7)
FNF:4
FNH:0
FNDA:0,(anonymous_4)
FNDA:0,(anonymous_5)
FNDA:0,(anonymous_6)
FNDA:0,(anonymous_7)
DA:1,0
DA:2,0
DA:3,0
DA:4,0
DA:7,0
DA:8,0
DA:11,0
DA:12,0
DA:37,0
DA:39,0
DA:40,0
DA:41,0
DA:43,0
DA:50,0
DA:51,0
DA:52,0
DA:53,0
DA:56,0
DA:57,0
DA:58,0
DA:60,0
DA:61,0
DA:62,0
DA:63,0
DA:67,0
DA:70,0
DA:71,0
DA:72,0
DA:73,0
DA:74,0
DA:76,0
DA:77,0
DA:83,0
DA:84,0
DA:85,0
DA:86,0
DA:88,0
DA:90,0
DA:93,0
DA:97,0
DA:98,0
DA:99,0
DA:101,0
DA:104,0
DA:115,0
DA:116,0
DA:126,0
DA:127,0
DA:128,0
DA:129,0
DA:130,0
DA:131,0
DA:132,0
DA:144,0
DA:156,0
DA:157,0
DA:158,0
DA:160,0
LF:58
LH:0
BRDA:71,0,0,0
BRDA:71,0,1,0
BRDA:73,1,0,0
BRDA:78,2,0,0
BRDA:78,2,1,0
BRDA:115,3,0,0
BRDA:126,4,0,0
BRDA:128,5,0,0
BRDA:130,6,0,0
BRDA:144,7,0,0
BRDA:144,7,1,0
BRDA:157,8,0,0
BRDA:157,8,1,0
BRDA:158,9,0,0
BRF:14
BRH:0
end_of_record
TN:
SF:src/modules/game-results/progression.constants.ts
FN:23,xpForNextLevel
FNF:1
FNH:0
FNDA:0,xpForNextLevel
DA:2,0
DA:3,0
DA:4,0
DA:5,0
DA:6,0
DA:7,0
DA:8,0
DA:9,0
DA:23,0
DA:24,0
LF:10
LH:0
BRF:0
BRH:0
end_of_record
TN:
SF:src/modules/game-results/dto/submit-result.dto.ts
FNF:0
FNH:0
DA:1,0
DA:5,0
DA:8,0
DA:12,0
LF:4
LH:0
BRF:0
BRH:0
end_of_record
TN:
SF:src/modules/game-results/entities/user-game-stats.entity.ts
FN:16,(anonymous_2)
FNF:1
FNH:0
FNDA:0,(anonymous_2)
DA:1,0
DA:8,0
DA:12,0
DA:14,0
DA:16,0
DA:17,0
DA:20,0
DA:23,0
DA:26,0
DA:29,0
LF:10
LH:0
BRF:0
BRH:0
end_of_record
TN:
SF:src/modules/health/health.controller.ts
FN:24,(anonymous_2)
FN:32,(anonymous_3)
FN:34,(anonymous_4)
FN:35,(anonymous_5)
FNF:4
FNH:0
FNDA:0,(anonymous_2)
FNDA:0,(anonymous_3)
FNDA:0,(anonymous_4)
FNDA:0,(anonymous_5)
DA:1,0
DA:2,0
DA:8,0
DA:23,0
DA:25,0
DA:26,0
DA:27,0
DA:32,0
DA:33,0
DA:34,0
DA:35,0
LF:11
LH:0
BRF:0
BRH:0
end_of_record
TN:
SF:src/modules/health/health.module.ts
FNF:0
FNH:0
DA:1,0
DA:2,0
DA:3,0
DA:4,0
DA:11,0
LF:5
LH:0
BRF:0
BRH:0
end_of_record
TN:
SF:src/modules/health/redis.health.ts
FN:21,(anonymous_2)
FN:25,(anonymous_3)
FN:41,(anonymous_4)
FN:46,(anonymous_5)
FN:50,(anonymous_6)
FN:59,(anonymous_7)
FN:62,(anonymous_8)
FN:64,(anonymous_9)
FN:70,(anonymous_10)
FN:84,(anonymous_11)
FNF:10
FNH:0
FNDA:0,(anonymous_2)
FNDA:0,(anonymous_3)
FNDA:0,(anonymous_4)
FNDA:0,(anonymous_5)
FNDA:0,(anonymous_6)
FNDA:0,(anonymous_7)
FNDA:0,(anonymous_8)
FNDA:0,(anonymous_9)
FNDA:0,(anonymous_10)
FNDA:0,(anonymous_11)
DA:1,0
DA:2,0
DA:3,0
DA:8,0
DA:10,0
DA:20,0
DA:21,0
DA:22,0
DA:26,0
DA:27,0
DA:28,0
DA:30,0
DA:31,0
DA:32,0
DA:34,0
DA:46,0
DA:47,0
DA:48,0
DA:50,0
DA:51,0
DA:52,0
DA:53,0
DA:54,0
DA:55,0
DA:58,0
DA:59,0
DA:60,0
DA:62,0
DA:64,0
DA:65,0
DA:67,0
DA:68,0
DA:70,0
DA:71,0
DA:72,0
DA:73,0
DA:75,0
DA:82,0
DA:84,0
DA:85,0
DA:86,0
DA:87,0
DA:89,0
LF:43
LH:0
BRDA:51,0,0,0
BRDA:54,1,0,0
BRDA:54,1,1,0
BRDA:65,2,0,0
BRDA:65,2,1,0
BRDA:72,3,0,0
BRDA:72,3,1,0
BRDA:86,4,0,0
BRDA:86,4,1,0
BRF:9
BRH:0
end_of_record
TN:
SF:src/modules/leaderboard/leaderboard.controller.ts
FN:22,(anonymous_4)
FN:33,(anonymous_5)
FN:55,(anonymous_6)
FNF:3
FNH:0
FNDA:0,(anonymous_4)
FNDA:0,(anonymous_5)
FNDA:0,(anonymous_6)
DA:1,0
DA:8,0
DA:9,0
DA:10,0
DA:21,0
DA:22,0
DA:33,0
DA:39,0
DA:40,0
DA:55,0
DA:60,0
DA:61,0
LF:12
LH:0
BRDA:36,0,0,0
BRDA:39,1,0,0
BRDA:39,1,1,0
BRDA:57,2,0,0
BRDA:60,3,0,0
BRDA:60,3,1,0
BRF:6
BRH:0
end_of_record
TN:
SF:src/modules/leaderboard/leaderboard.module.ts
FNF:0
FNH:0
DA:1,0
DA:2,0
DA:3,0
DA:4,0
DA:5,0
DA:6,0
DA:7,0
DA:17,0
LF:8
LH:0
BRF:0
BRH:0
end_of_record
TN:
SF:src/modules/leaderboard/leaderboard.service.ts
FN:37,(anonymous_4)
FN:50,(anonymous_5)
FN:94,(anonymous_6)
FN:118,(anonymous_7)
FN:158,(anonymous_8)
FNF:5
FNH:0
FNDA:0,(anonymous_4)
FNDA:0,(anonymous_5)
FNDA:0,(anonymous_6)
FNDA:0,(anonymous_7)
FNDA:0,(anonymous_8)
DA:1,0
DA:2,0
DA:3,0
DA:4,0
DA:5,0
DA:6,0
DA:33,0
DA:36,0
DA:39,0
DA:41,0
DA:42,0
DA:55,0
DA:56,0
DA:75,0
DA:76,0
DA:78,0
DA:79,0
DA:82,0
DA:94,0
DA:107,0
DA:108,0
DA:122,0
DA:123,0
DA:143,0
DA:144,0
DA:145,0
DA:146,0
DA:149,0
DA:158,0
DA:168,0
DA:169,0
LF:31
LH:0
BRDA:75,0,0,0
BRDA:98,1,0,0
BRDA:98,1,1,0
BRDA:99,2,0,0
BRDA:99,2,1,0
BRDA:107,3,0,0
BRDA:143,4,0,0
BRDA:162,5,0,0
BRDA:162,5,1,0
BRDA:163,6,0,0
BRDA:163,6,1,0
BRDA:168,7,0,0
BRF:12
BRH:0
end_of_record
TN:
SF:src/modules/matchmaking/game-map.ts
FN:8,generateShellCurlBumpers
FN:19,(anonymous_1)
FN:31,createShellCurlMap
FN:35,createGameMap
FNF:4
FNH:0
FNDA:0,generateShellCurlBumpers
FNDA:0,(anonymous_1)
FNDA:0,createShellCurlMap
FNDA:0,createGameMap
DA:8,0
DA:9,0
DA:10,0
DA:11,0
DA:12,0
DA:14,0
DA:15,0
DA:16,0
DA:17,0
DA:19,0
DA:20,0
DA:21,0
DA:22,0
DA:25,0
DA:28,0
DA:31,0
DA:32,0
DA:35,0
DA:36,0
DA:37,0
LF:20
LH:0
BRDA:14,0,0,0
BRDA:14,0,1,0
BRDA:25,1,0,0
BRDA:36,2,0,0
BRF:4
BRH:0
end_of_record
TN:
SF:src/modules/matchmaking/game-session.service.ts
FN:21,(anonymous_4)
FN:35,(anonymous_5)
FN:59,(anonymous_6)
FN:65,(anonymous_7)
FN:70,(anonymous_8)
FN:81,(anonymous_9)
FN:91,(anonymous_10)
FN:103,(anonymous_11)
FN:113,(anonymous_12)
FN:173,(anonymous_13)
FN:200,(anonymous_14)
FN:201,(anonymous_15)
FN:203,(anonymous_16)
FNF:13
FNH:0
FNDA:0,(anonymous_4)
FNDA:0,(anonymous_5)
FNDA:0,(anonymous_6)
FNDA:0,(anonymous_7)
FNDA:0,(anonymous_8)
FNDA:0,(anonymous_9)
FNDA:0,(anonymous_10)
FNDA:0,(anonymous_11)
FNDA:0,(anonymous_12)
FNDA:0,(anonymous_13)
FNDA:0,(anonymous_14)
FNDA:0,(anonymous_15)
FNDA:0,(anonymous_16)
DA:1,0
DA:2,0
DA:3,0
DA:4,0
DA:5,0
DA:6,0
DA:7,0
DA:8,0
DA:9,0
DA:11,0
DA:12,0
DA:14,0
DA:15,0
DA:18,0
DA:19,0
DA:22,0
DA:23,0
DA:24,0
DA:25,0
DA:26,0
DA:27,0
DA:28,0
DA:30,0
DA:32,0
DA:36,0
DA:37,0
DA:41,0
DA:47,0
DA:48,0
DA:49,0
DA:52,0
DA:54,0
DA:55,0
DA:60,0
DA:61,0
DA:62,0
DA:66,0
DA:67,0
DA:70,0
DA:72,0
DA:73,0
DA:74,0
DA:78,0
DA:82,0
DA:83,0
DA:88,0
DA:95,0
DA:98,0
DA:99,0
DA:100,0
DA:107,0
DA:108,0
DA:110,0
DA:112,0
DA:113,0
DA:114,0
DA:115,0
DA:116,0
DA:118,0
DA:125,0
DA:127,0
DA:134,0
DA:140,0
DA:141,0
DA:142,0
DA:143,0
DA:144,0
DA:145,0
DA:157,0
DA:158,0
DA:161,0
DA:162,0
DA:164,0
DA:169,0
DA:178,0
DA:179,0
DA:180,0
DA:183,0
DA:184,0
DA:189,0
DA:192,0
DA:193,0
DA:194,0
DA:195,0
DA:196,0
DA:197,0
DA:199,0
DA:200,0
DA:201,0
DA:203,0
DA:207,0
DA:208,0
DA:209,0
DA:211,0
DA:212,0
DA:214,0
LF:96
LH:0
BRDA:42,0,0,0
BRDA:42,0,1,0
BRDA:48,1,0,0
BRDA:61,2,0,0
BRDA:67,3,0,0
BRDA:68,4,0,0
BRDA:68,4,1,0
BRDA:68,4,2,0
BRDA:82,5,0,0
BRDA:82,6,0,0
BRDA:82,6,1,0
BRDA:99,7,0,0
BRDA:107,8,0,0
BRDA:110,9,0,0
BRDA:110,9,1,0
BRDA:119,10,0,0
BRDA:119,10,1,0
BRDA:127,11,0,0
BRDA:127,11,1,0
BRDA:129,12,0,0
BRDA:129,12,1,0
BRDA:131,13,0,0
BRDA:131,13,1,0
BRDA:140,14,0,0
BRDA:142,15,0,0
BRDA:144,16,0,0
BRDA:144,17,0,0
BRDA:144,17,1,0
BRDA:148,18,0,0
BRDA:148,18,1,0
BRDA:150,19,0,0
BRDA:150,19,1,0
BRDA:157,20,0,0
BRDA:157,21,0,0
BRDA:157,21,1,0
BRDA:166,22,0,0
BRDA:166,22,1,0
BRDA:183,23,0,0
BRDA:196,24,0,0
BRDA:196,24,1,0
BRDA:211,25,0,0
BRDA:211,25,1,0
BRF:42
BRH:0
end_of_record
TN:
SF:src/modules/matchmaking/matches.controller.ts
FN:26,(anonymous_4)
FN:32,(anonymous_5)
FN:39,(anonymous_6)
FN:49,(anonymous_7)
FN:59,(anonymous_8)
FN:67,(anonymous_9)
FN:75,(anonymous_10)
FN:83,(anonymous_11)
FNF:8
FNH:0
FNDA:0,(anonymous_4)
FNDA:0,(anonymous_5)
FNDA:0,(anonymous_6)
FNDA:0,(anonymous_7)
FNDA:0,(anonymous_8)
FNDA:0,(anonymous_9)
FNDA:0,(anonymous_10)
FNDA:0,(anonymous_11)
DA:1,0
DA:12,0
DA:13,0
DA:14,0
DA:15,0
DA:16,0
DA:25,0
DA:27,0
DA:28,0
DA:32,0
DA:35,0
DA:39,0
DA:40,0
DA:49,0
DA:50,0
DA:54,0
DA:55,0
DA:59,0
DA:63,0
DA:67,0
DA:71,0
DA:75,0
DA:79,0
DA:83,0
DA:87,0
LF:25
LH:0
BRDA:54,0,0,0
BRF:1
BRH:0
end_of_record
TN:
SF:src/modules/matchmaking/matchmaking.gateway.ts
FN:44,parseCookie
FN:71,(anonymous_5)
FN:86,(anonymous_6)
FN:91,(anonymous_7)
FN:121,(anonymous_8)
FN:131,(anonymous_9)
FN:158,(anonymous_10)
FN:167,(anonymous_11)
FN:194,(anonymous_12)
FN:199,(anonymous_13)
FN:230,(anonymous_14)
FN:231,(anonymous_15)
FN:244,(anonymous_16)
FN:250,(anonymous_17)
FN:258,(anonymous_18)
FN:268,(anonymous_19)
FN:281,(anonymous_20)
FN:284,(anonymous_21)
FN:294,(anonymous_22)
FN:306,(anonymous_23)
FN:347,(anonymous_24)
FN:352,(anonymous_25)
FN:384,(anonymous_26)
FN:389,(anonymous_27)
FN:422,(anonymous_28)
FN:427,(anonymous_29)
FN:462,(anonymous_30)
FN:477,(anonymous_31)
FN:489,(anonymous_32)
FN:504,(anonymous_33)
FN:519,(anonymous_34)
FN:542,(anonymous_35)
FN:566,(anonymous_36)
FN:587,(anonymous_37)
FN:613,(anonymous_38)
FN:639,(anonymous_39)
FN:668,(anonymous_40)
FN:699,(anonymous_41)
FN:713,(anonymous_42)
FN:738,(anonymous_43)
FN:744,(anonymous_44)
FN:749,(anonymous_45)
FN:752,(anonymous_46)
FN:762,(anonymous_47)
FN:786,(anonymous_48)
FN:794,(anonymous_49)
FN:802,(anonymous_50)
FN:813,(anonymous_51)
FN:822,(anonymous_52)
FN:835,(anonymous_53)
FN:851,(anonymous_54)
FN:886,(anonymous_55)
FN:897,(anonymous_56)
FN:915,(anonymous_57)
FNF:54
FNH:0
FNDA:0,parseCookie
FNDA:0,(anonymous_5)
FNDA:0,(anonymous_6)
FNDA:0,(anonymous_7)
FNDA:0,(anonymous_8)
FNDA:0,(anonymous_9)
FNDA:0,(anonymous_10)
FNDA:0,(anonymous_11)
FNDA:0,(anonymous_12)
FNDA:0,(anonymous_13)
FNDA:0,(anonymous_14)
FNDA:0,(anonymous_15)
FNDA:0,(anonymous_16)
FNDA:0,(anonymous_17)
FNDA:0,(anonymous_18)
FNDA:0,(anonymous_19)
FNDA:0,(anonymous_20)
FNDA:0,(anonymous_21)
FNDA:0,(anonymous_22)
FNDA:0,(anonymous_23)
FNDA:0,(anonymous_24)
FNDA:0,(anonymous_25)
FNDA:0,(anonymous_26)
FNDA:0,(anonymous_27)
FNDA:0,(anonymous_28)
FNDA:0,(anonymous_29)
FNDA:0,(anonymous_30)
FNDA:0,(anonymous_31)
FNDA:0,(anonymous_32)
FNDA:0,(anonymous_33)
FNDA:0,(anonymous_34)
FNDA:0,(anonymous_35)
FNDA:0,(anonymous_36)
FNDA:0,(anonymous_37)
FNDA:0,(anonymous_38)
FNDA:0,(anonymous_39)
FNDA:0,(anonymous_40)
FNDA:0,(anonymous_41)
FNDA:0,(anonymous_42)
FNDA:0,(anonymous_43)
FNDA:0,(anonymous_44)
FNDA:0,(anonymous_45)
FNDA:0,(anonymous_46)
FNDA:0,(anonymous_47)
FNDA:0,(anonymous_48)
FNDA:0,(anonymous_49)
FNDA:0,(anonymous_50)
FNDA:0,(anonymous_51)
FNDA:0,(anonymous_52)
FNDA:0,(anonymous_53)
FNDA:0,(anonymous_54)
FNDA:0,(anonymous_55)
FNDA:0,(anonymous_56)
FNDA:0,(anonymous_57)
DA:1,0
DA:2,0
DA:3,0
DA:13,0
DA:14,0
DA:15,0
DA:16,0
DA:17,0
DA:18,0
DA:19,0
DA:20,0
DA:21,0
DA:38,0
DA:39,0
DA:40,0
DA:42,0
DA:48,0
DA:49,0
DA:50,0
DA:51,0
DA:53,0
DA:63,0
DA:67,0
DA:69,0
DA:72,0
DA:73,0
DA:74,0
DA:75,0
DA:76,0
DA:77,0
DA:78,0
DA:79,0
DA:80,0
DA:81,0
DA:82,0
DA:87,0
DA:88,0
DA:92,0
DA:93,0
DA:97,0
DA:98,0
DA:104,0
DA:105,0
DA:107,0
DA:112,0
DA:113,0
DA:115,0
DA:116,0
DA:117,0
DA:118,0
DA:119,0
DA:121,0
DA:122,0
DA:126,0
DA:127,0
DA:128,0
DA:129,0
DA:131,0
DA:133,0
DA:134,0
DA:135,0
DA:139,0
DA:140,0
DA:144,0
DA:145,0
DA:151,0
DA:154,0
DA:159,0
DA:160,0
DA:161,0
DA:163,0
DA:164,0
DA:165,0
DA:168,0
DA:171,0
DA:174,0
DA:175,0
DA:176,0
DA:177,0
DA:178,0
DA:179,0
DA:184,0
DA:187,0
DA:192,0
DA:194,0
DA:199,0
DA:203,0
DA:204,0
DA:205,0
DA:210,0
DA:211,0
DA:215,0
DA:218,0
DA:219,0
DA:220,0
DA:221,0
DA:224,0
DA:225,0
DA:230,0
DA:231,0
DA:234,0
DA:236,0
DA:244,0
DA:245,0
DA:246,0
DA:250,0
DA:254,0
DA:255,0
DA:259,0
DA:262,0
DA:264,0
DA:268,0
DA:269,0
DA:270,0
DA:271,0
DA:272,0
DA:274,0
DA:275,0
DA:276,0
DA:277,0
DA:281,0
DA:282,0
DA:283,0
DA:284,0
DA:286,0
DA:287,0
DA:288,0
DA:290,0
DA:294,0
DA:298,0
DA:299,0
DA:300,0
DA:301,0
DA:302,0
DA:306,0
DA:310,0
DA:311,0
DA:313,0
DA:318,0
DA:319,0
DA:320,0
DA:330,0
DA:335,0
DA:337,0
DA:338,0
DA:341,0
DA:346,0
DA:347,0
DA:349,0
DA:351,0
DA:352,0
DA:354,0
DA:364,0
DA:369,0
DA:373,0
DA:374,0
DA:377,0
DA:383,0
DA:384,0
DA:386,0
DA:388,0
DA:389,0
DA:391,0
DA:402,0
DA:407,0
DA:411,0
DA:412,0
DA:415,0
DA:421,0
DA:422,0
DA:424,0
DA:426,0
DA:427,0
DA:429,0
DA:440,0
DA:445,0
DA:449,0
DA:450,0
DA:453,0
DA:454,0
DA:455,0
DA:456,0
DA:457,0
DA:462,0
DA:466,0
DA:471,0
DA:472,0
DA:473,0
DA:477,0
DA:478,0
DA:479,0
DA:489,0
DA:493,0
DA:494,0
DA:495,0
DA:496,0
DA:498,0
DA:499,0
DA:504,0
DA:506,0
DA:512,0
DA:519,0
DA:529,0
DA:530,0
DA:531,0
DA:532,0
DA:534,0
DA:535,0
DA:542,0
DA:544,0
DA:545,0
DA:553,0
DA:555,0
DA:566,0
DA:570,0
DA:571,0
DA:573,0
DA:574,0
DA:575,0
DA:577,0
DA:578,0
DA:579,0
DA:581,0
DA:582,0
DA:583,0
DA:585,0
DA:587,0
DA:588,0
DA:589,0
DA:590,0
DA:593,0
DA:595,0
DA:596,0
DA:597,0
DA:605,0
DA:613,0
DA:617,0
DA:618,0
DA:619,0
DA:625,0
DA:626,0
DA:627,0
DA:630,0
DA:632,0
DA:639,0
DA:643,0
DA:644,0
DA:645,0
DA:651,0
DA:652,0
DA:653,0
DA:655,0
DA:656,0
DA:657,0
DA:659,0
DA:661,0
DA:668,0
DA:672,0
DA:673,0
DA:674,0
DA:675,0
DA:678,0
DA:679,0
DA:680,0
DA:683,0
DA:684,0
DA:685,0
DA:688,0
DA:689,0
DA:694,0
DA:699,0
DA:703,0
DA:704,0
DA:705,0
DA:706,0
DA:707,0
DA:713,0
DA:717,0
DA:718,0
DA:719,0
DA:721,0
DA:722,0
DA:723,0
DA:724,0
DA:725,0
DA:729,0
DA:730,0
DA:731,0
DA:738,0
DA:742,0
DA:743,0
DA:744,0
DA:749,0
DA:750,0
DA:751,0
DA:752,0
DA:762,0
DA:766,0
DA:767,0
DA:768,0
DA:769,0
DA:774,0
DA:778,0
DA:786,0
DA:790,0
DA:791,0
DA:792,0
DA:794,0
DA:803,0
DA:804,0
DA:805,0
DA:806,0
DA:814,0
DA:815,0
DA:816,0
DA:817,0
DA:818,0
DA:823,0
DA:824,0
DA:825,0
DA:828,0
DA:829,0
DA:830,0
DA:836,0
DA:844,0
DA:845,0
DA:846,0
DA:852,0
DA:853,0
DA:854,0
DA:855,0
DA:856,0
DA:857,0
DA:862,0
DA:863,0
DA:865,0
DA:866,0
DA:867,0
DA:869,0
DA:870,0
DA:871,0
DA:887,0
DA:888,0
DA:889,0
DA:890,0
DA:892,0
DA:898,0
DA:899,0
DA:900,0
DA:901,0
DA:904,0
DA:919,0
DA:920,0
DA:921,0
DA:922,0
DA:923,0
DA:924,0
DA:927,0
LF:358
LH:0
BRDA:48,0,0,0
BRDA:48,0,1,0
BRDA:50,1,0,0
BRDA:97,2,0,0
BRDA:105,3,0,0
BRDA:115,4,0,0
BRDA:115,5,0,0
BRDA:115,5,1,0
BRDA:117,6,0,0
BRDA:127,7,0,0
BRDA:139,8,0,0
BRDA:159,9,0,0
BRDA:171,10,0,0
BRDA:175,11,0,0
BRDA:177,12,0,0
BRDA:187,13,0,0
BRDA:188,14,0,0
BRDA:188,14,1,0
BRDA:188,14,2,0
BRDA:210,15,0,0
BRDA:219,16,0,0
BRDA:238,17,0,0
BRDA:238,17,1,0
BRDA:254,18,0,0
BRDA:262,19,0,0
BRDA:270,20,0,0
BRDA:286,21,0,0
BRDA:286,22,0,0
BRDA:286,22,1,0
BRDA:299,23,0,0
BRDA:302,24,0,0
BRDA:311,25,0,0
BRDA:313,26,0,0
BRDA:314,27,0,0
BRDA:314,27,1,0
BRDA:314,27,2,0
BRDA:319,28,0,0
BRDA:326,29,0,0
BRDA:326,29,1,0
BRDA:327,30,0,0
BRDA:327,30,1,0
BRDA:341,31,0,0
BRDA:342,32,0,0
BRDA:342,32,1,0
BRDA:342,32,2,0
BRDA:349,33,0,0
BRDA:351,34,0,0
BRDA:351,34,1,0
BRDA:358,35,0,0
BRDA:358,35,1,0
BRDA:359,36,0,0
BRDA:359,36,1,0
BRDA:360,37,0,0
BRDA:360,37,1,0
BRDA:361,38,0,0
BRDA:361,38,1,0
BRDA:362,39,0,0
BRDA:362,39,1,0
BRDA:377,40,0,0
BRDA:378,41,0,0
BRDA:378,41,1,0
BRDA:378,41,2,0
BRDA:378,41,3,0
BRDA:386,42,0,0
BRDA:388,43,0,0
BRDA:388,43,1,0
BRDA:396,44,0,0
BRDA:396,44,1,0
BRDA:397,45,0,0
BRDA:397,45,1,0
BRDA:398,46,0,0
BRDA:398,46,1,0
BRDA:399,47,0,0
BRDA:399,47,1,0
BRDA:400,48,0,0
BRDA:400,48,1,0
BRDA:415,49,0,0
BRDA:416,50,0,0
BRDA:416,50,1,0
BRDA:416,50,2,0
BRDA:416,50,3,0
BRDA:424,51,0,0
BRDA:426,52,0,0
BRDA:426,52,1,0
BRDA:432,53,0,0
BRDA:432,53,1,0
BRDA:434,54,0,0
BRDA:434,54,1,0
BRDA:435,55,0,0
BRDA:435,55,1,0
BRDA:436,56,0,0
BRDA:436,56,1,0
BRDA:437,57,0,0
BRDA:437,57,1,0
BRDA:438,58,0,0
BRDA:438,58,1,0
BRDA:455,59,0,0
BRDA:455,60,0,0
BRDA:455,60,1,0
BRDA:471,61,0,0
BRDA:479,62,0,0
BRDA:494,63,0,0
BRDA:503,64,0,0
BRDA:503,64,1,0
BRDA:513,65,0,0
BRDA:513,65,1,0
BRDA:530,66,0,0
BRDA:539,67,0,0
BRDA:539,67,1,0
BRDA:540,68,0,0
BRDA:540,68,1,0
BRDA:541,69,0,0
BRDA:541,69,1,0
BRDA:556,70,0,0
BRDA:556,70,1,0
BRDA:573,71,0,0
BRDA:573,72,0,0
BRDA:573,72,1,0
BRDA:573,72,2,0
BRDA:577,73,0,0
BRDA:581,74,0,0
BRDA:588,75,0,0
BRDA:623,76,0,0
BRDA:623,76,1,0
BRDA:625,77,0,0
BRDA:633,78,0,0
BRDA:633,78,1,0
BRDA:649,79,0,0
BRDA:649,79,1,0
BRDA:651,80,0,0
BRDA:655,81,0,0
BRDA:662,82,0,0
BRDA:662,82,1,0
BRDA:673,83,0,0
BRDA:680,84,0,0
BRDA:680,84,1,0
BRDA:683,85,0,0
BRDA:683,86,0,0
BRDA:683,86,1,0
BRDA:704,87,0,0
BRDA:719,88,0,0
BRDA:719,89,0,0
BRDA:719,89,1,0
BRDA:722,90,0,0
BRDA:729,91,0,0
BRDA:743,92,0,0
BRDA:743,93,0,0
BRDA:743,93,1,0
BRDA:751,94,0,0
BRDA:751,95,0,0
BRDA:751,95,1,0
BRDA:767,96,0,0
BRDA:779,97,0,0
BRDA:779,97,1,0
BRDA:791,98,0,0
BRDA:815,99,0,0
BRDA:828,100,0,0
BRDA:857,101,0,0
BRDA:866,102,0,0
BRDA:866,102,1,0
BRDA:887,103,0,0
BRDA:887,103,1,0
BRDA:889,104,0,0
BRDA:889,104,1,0
BRDA:899,105,0,0
BRDA:920,106,0,0
BRDA:927,107,0,0
BRDA:59,108,0,0
BRDA:59,108,1,0
BRF:169
BRH:0
end_of_record
TN:
SF:src/modules/matchmaking/matchmaking.module.ts
FN:43,(anonymous_1)
FNF:1
FNH:0
FNDA:0,(anonymous_1)
DA:1,0
DA:2,0
DA:3,0
DA:4,0
DA:5,0
DA:6,0
DA:7,0
DA:8,0
DA:9,0
DA:10,0
DA:11,0
DA:12,0
DA:13,0
DA:14,0
DA:15,0
DA:16,0
DA:17,0
DA:18,0
DA:19,0
DA:20,0
DA:21,0
DA:22,0
DA:23,0
DA:24,0
DA:25,0
DA:26,0
DA:27,0
DA:28,0
DA:29,0
DA:43,0
DA:71,0
LF:31
LH:0
BRF:0
BRH:0
end_of_record
TN:
SF:src/modules/matchmaking/matchmaking.service.ts
FN:29,(anonymous_4)
FN:37,(anonymous_5)
FN:81,(anonymous_6)
FN:101,(anonymous_7)
FN:115,(anonymous_8)
FN:119,(anonymous_9)
FN:125,(anonymous_10)
FN:129,(anonymous_11)
FN:135,(anonymous_12)
FN:142,(anonymous_13)
FNF:10
FNH:0
FNDA:0,(anonymous_4)
FNDA:0,(anonymous_5)
FNDA:0,(anonymous_6)
FNDA:0,(anonymous_7)
FNDA:0,(anonymous_8)
FNDA:0,(anonymous_9)
FNDA:0,(anonymous_10)
FNDA:0,(anonymous_11)
FNDA:0,(anonymous_12)
FNDA:0,(anonymous_13)
DA:1,0
DA:2,0
DA:3,0
DA:4,0
DA:5,0
DA:6,0
DA:8,0
DA:21,0
DA:22,0
DA:25,0
DA:26,0
DA:27,0
DA:30,0
DA:31,0
DA:32,0
DA:34,0
DA:42,0
DA:43,0
DA:44,0
DA:48,0
DA:49,0
DA:50,0
DA:51,0
DA:52,0
DA:53,0
DA:54,0
DA:55,0
DA:59,0
DA:63,0
DA:64,0
DA:66,0
DA:67,0
DA:68,0
DA:78,0
DA:79,0
DA:81,0
DA:82,0
DA:83,0
DA:86,0
DA:87,0
DA:88,0
DA:90,0
DA:93,0
DA:100,0
DA:102,0
DA:112,0
DA:116,0
DA:117,0
DA:118,0
DA:119,0
DA:120,0
DA:121,0
DA:122,0
DA:126,0
DA:127,0
DA:128,0
DA:129,0
DA:131,0
DA:132,0
DA:133,0
DA:134,0
DA:135,0
DA:137,0
DA:138,0
DA:147,0
LF:65
LH:0
BRDA:43,0,0,0
BRDA:43,0,1,0
BRDA:46,1,0,0
BRDA:46,1,1,0
BRDA:48,2,0,0
BRDA:48,2,1,0
BRDA:49,3,0,0
BRDA:49,3,1,0
BRDA:50,4,0,0
BRDA:51,5,0,0
BRDA:53,6,0,0
BRDA:53,7,0,0
BRDA:53,7,1,0
BRDA:55,8,0,0
BRDA:56,9,0,0
BRDA:56,9,1,0
BRDA:63,10,0,0
BRDA:63,11,0,0
BRDA:63,11,1,0
BRDA:67,12,0,0
BRDA:67,12,1,0
BRDA:82,13,0,0
BRDA:82,14,0,0
BRDA:82,14,1,0
BRDA:88,15,0,0
BRDA:117,16,0,0
BRDA:118,17,0,0
BRDA:118,17,1,0
BRDA:120,18,0,0
BRDA:120,18,1,0
BRDA:131,19,0,0
BRDA:137,20,0,0
BRDA:137,20,1,0
BRF:33
BRH:0
end_of_record
TN:
SF:src/modules/matchmaking/presence.service.ts
FN:7,(anonymous_0)
FNF:1
FNH:0
FNDA:0,(anonymous_0)
DA:7,0
LF:1
LH:0
BRF:0
BRH:0
end_of_record
TN:
SF:src/modules/matchmaking/private-lobbies.service.ts
FN:55,(anonymous_4)
FN:67,(anonymous_5)
FN:82,(anonymous_6)
FN:107,(anonymous_7)
FN:126,(anonymous_8)
FN:151,(anonymous_9)
FN:155,(anonymous_10)
FN:163,(anonymous_11)
FN:167,(anonymous_12)
FN:171,(anonymous_13)
FN:178,(anonymous_14)
FN:187,(anonymous_15)
FN:221,(anonymous_16)
FN:237,(anonymous_17)
FN:270,(anonymous_18)
FN:288,(anonymous_19)
FN:306,(anonymous_20)
FN:315,(anonymous_21)
FN:321,(anonymous_22)
FN:328,(anonymous_23)
FN:334,(anonymous_24)
FN:337,(anonymous_25)
FNF:22
FNH:0
FNDA:0,(anonymous_4)
FNDA:0,(anonymous_5)
FNDA:0,(anonymous_6)
FNDA:0,(anonymous_7)
FNDA:0,(anonymous_8)
FNDA:0,(anonymous_9)
FNDA:0,(anonymous_10)
FNDA:0,(anonymous_11)
FNDA:0,(anonymous_12)
FNDA:0,(anonymous_13)
FNDA:0,(anonymous_14)
FNDA:0,(anonymous_15)
FNDA:0,(anonymous_16)
FNDA:0,(anonymous_17)
FNDA:0,(anonymous_18)
FNDA:0,(anonymous_19)
FNDA:0,(anonymous_20)
FNDA:0,(anonymous_21)
FNDA:0,(anonymous_22)
FNDA:0,(anonymous_23)
FNDA:0,(anonymous_24)
FNDA:0,(anonymous_25)
DA:1,0
DA:2,0
DA:3,0
DA:4,0
DA:5,0
DA:6,0
DA:7,0
DA:44,0
DA:45,0
DA:46,0
DA:47,0
DA:48,0
DA:51,0
DA:52,0
DA:53,0
DA:57,0
DA:59,0
DA:60,0
DA:74,0
DA:75,0
DA:77,0
DA:78,0
DA:81,0
DA:82,0
DA:83,0
DA:84,0
DA:87,0
DA:103,0
DA:104,0
DA:116,0
DA:117,0
DA:119,0
DA:120,0
DA:123,0
DA:124,0
DA:125,0
DA:126,0
DA:127,0
DA:128,0
DA:131,0
DA:147,0
DA:148,0
DA:152,0
DA:156,0
DA:157,0
DA:158,0
DA:160,0
DA:164,0
DA:168,0
DA:169,0
DA:171,0
DA:173,0
DA:175,0
DA:179,0
DA:180,0
DA:193,0
DA:194,0
DA:195,0
DA:196,0
DA:200,0
DA:201,0
DA:204,0
DA:217,0
DA:218,0
DA:231,0
DA:232,0
DA:234,0
DA:235,0
DA:237,0
DA:238,0
DA:240,0
DA:241,0
DA:244,0
DA:250,0
DA:251,0
DA:254,0
DA:255,0
DA:256,0
DA:257,0
DA:262,0
DA:267,0
DA:275,0
DA:283,0
DA:287,0
DA:289,0
DA:299,0
DA:307,0
DA:308,0
DA:309,0
DA:310,0
DA:311,0
DA:316,0
DA:317,0
DA:318,0
DA:322,0
DA:329,0
DA:335,0
DA:336,0
DA:337,0
DA:338,0
DA:341,0
LF:101
LH:0
BRDA:74,0,0,0
BRDA:77,1,0,0
BRDA:116,2,0,0
BRDA:119,3,0,0
BRDA:152,4,0,0
BRDA:152,4,1,0
BRDA:158,5,0,0
BRDA:164,6,0,0
BRDA:164,6,1,0
BRDA:169,7,0,0
BRDA:170,8,0,0
BRDA:170,8,1,0
BRDA:180,9,0,0
BRDA:194,10,0,0
BRDA:195,11,0,0
BRDA:200,12,0,0
BRDA:232,13,0,0
BRDA:232,14,0,0
BRDA:232,14,1,0
BRDA:232,14,2,0
BRDA:234,15,0,0
BRDA:237,16,0,0
BRDA:240,17,0,0
BRDA:250,18,0,0
BRDA:308,19,0,0
BRDA:317,20,0,0
BRDA:324,21,0,0
BRDA:324,21,1,0
BRDA:329,22,0,0
BRDA:329,22,1,0
BRF:30
BRH:0
end_of_record
TN:
SF:src/modules/matchmaking/replay-state.helpers.ts
FN:38,clamp
FN:42,isFiniteNumber
FN:46,readNumber
FN:54,getSortedSides
FN:58,(anonymous_4)
FN:59,(anonymous_5)
FN:62,getIndexedSpawn
FN:75,getBellSpawn
FN:88,getArenaBallSpawn
FN:97,buildProjectileSpriteKey
FN:108,ensureActiveBallSlots
FN:112,(anonymous_11)
FN:116,buildArenaProjectile
FN:145,getActiveArenaProjectile
FN:153,(anonymous_14)
FN:161,(anonymous_15)
FN:167,syncArenaProjectileMirror
FN:171,(anonymous_17)
FN:180,upsertArenaBall
FN:191,(anonymous_19)
FN:218,applyArenaBallPayload
FN:253,initializeArenaReplayBall
FN:271,syncArenaReplayBallFromPayload
FN:279,settleArenaReplayBall
FN:302,resetArenaReplayBalls
FN:306,(anonymous_25)
FN:322,(anonymous_26)
FN:328,initializeCurlingReplayStone
FN:336,(anonymous_28)
FN:366,sanitizeTrailPoint
FN:377,syncCurlingReplayStateFromPayload
FN:385,(anonymous_31)
FN:423,(anonymous_32)
FN:431,(anonymous_33)
FN:432,(anonymous_34)
FN:436,(anonymous_35)
FN:438,(anonymous_36)
FN:442,isArenaBallMoving
FN:446,stepArenaBall
FN:489,updateCurlingTrail
FN:498,stepCurlingObject
FN:552,advanceSnapshot
FN:555,(anonymous_42)
FN:557,(anonymous_43)
FN:564,(anonymous_44)
FN:566,(anonymous_45)
FN:572,hasSnapshotMotion
FN:575,(anonymous_47)
FN:582,(anonymous_48)
FN:591,advanceReplaySimulation
FN:612,markReplaySimulation
FNF:51
FNH:0
FNDA:0,clamp
FNDA:0,isFiniteNumber
FNDA:0,readNumber
FNDA:0,getSortedSides
FNDA:0,(anonymous_4)
FNDA:0,(anonymous_5)
FNDA:0,getIndexedSpawn
FNDA:0,getBellSpawn
FNDA:0,getArenaBallSpawn
FNDA:0,buildProjectileSpriteKey
FNDA:0,ensureActiveBallSlots
FNDA:0,(anonymous_11)
FNDA:0,buildArenaProjectile
FNDA:0,getActiveArenaProjectile
FNDA:0,(anonymous_14)
FNDA:0,(anonymous_15)
FNDA:0,syncArenaProjectileMirror
FNDA:0,(anonymous_17)
FNDA:0,upsertArenaBall
FNDA:0,(anonymous_19)
FNDA:0,applyArenaBallPayload
FNDA:0,initializeArenaReplayBall
FNDA:0,syncArenaReplayBallFromPayload
FNDA:0,settleArenaReplayBall
FNDA:0,resetArenaReplayBalls
FNDA:0,(anonymous_25)
FNDA:0,(anonymous_26)
FNDA:0,initializeCurlingReplayStone
FNDA:0,(anonymous_28)
FNDA:0,sanitizeTrailPoint
FNDA:0,syncCurlingReplayStateFromPayload
FNDA:0,(anonymous_31)
FNDA:0,(anonymous_32)
FNDA:0,(anonymous_33)
FNDA:0,(anonymous_34)
FNDA:0,(anonymous_35)
FNDA:0,(anonymous_36)
FNDA:0,isArenaBallMoving
FNDA:0,stepArenaBall
FNDA:0,updateCurlingTrail
FNDA:0,stepCurlingObject
FNDA:0,advanceSnapshot
FNDA:0,(anonymous_42)
FNDA:0,(anonymous_43)
FNDA:0,(anonymous_44)
FNDA:0,(anonymous_45)
FNDA:0,hasSnapshotMotion
FNDA:0,(anonymous_47)
FNDA:0,(anonymous_48)
FNDA:0,advanceReplaySimulation
FNDA:0,markReplaySimulation
DA:11,0
DA:12,0
DA:13,0
DA:14,0
DA:15,0
DA:16,0
DA:17,0
DA:19,0
DA:20,0
DA:21,0
DA:22,0
DA:23,0
DA:24,0
DA:25,0
DA:26,0
DA:27,0
DA:28,0
DA:35,0
DA:36,0
DA:39,0
DA:43,0
DA:50,0
DA:51,0
DA:57,0
DA:58,0
DA:59,0
DA:63,0
DA:64,0
DA:65,0
DA:66,0
DA:68,0
DA:69,0
DA:79,0
DA:80,0
DA:81,0
DA:82,0
DA:92,0
DA:93,0
DA:94,0
DA:98,0
DA:100,0
DA:102,0
DA:104,0
DA:109,0
DA:110,0
DA:112,0
DA:121,0
DA:122,0
DA:123,0
DA:149,0
DA:150,0
DA:151,0
DA:152,0
DA:153,0
DA:155,0
DA:158,0
DA:162,0
DA:164,0
DA:171,0
DA:172,0
DA:176,0
DA:177,0
DA:185,0
DA:186,0
DA:187,0
DA:188,0
DA:189,0
DA:190,0
DA:191,0
DA:193,0
DA:194,0
DA:195,0
DA:196,0
DA:197,0
DA:200,0
DA:201,0
DA:202,0
DA:203,0
DA:204,0
DA:205,0
DA:206,0
DA:207,0
DA:208,0
DA:209,0
DA:210,0
DA:211,0
DA:212,0
DA:213,0
DA:214,0
DA:215,0
DA:223,0
DA:224,0
DA:225,0
DA:226,0
DA:234,0
DA:235,0
DA:242,0
DA:243,0
DA:250,0
DA:253,0
DA:259,0
DA:260,0
DA:271,0
DA:276,0
DA:279,0
DA:284,0
DA:285,0
DA:286,0
DA:292,0
DA:294,0
DA:302,0
DA:306,0
DA:307,0
DA:308,0
DA:320,0
DA:322,0
DA:324,0
DA:325,0
DA:328,0
DA:336,0
DA:337,0
DA:338,0
DA:361,0
DA:362,0
DA:363,0
DA:369,0
DA:370,0
DA:371,0
DA:372,0
DA:373,0
DA:374,0
DA:377,0
DA:381,0
DA:382,0
DA:384,0
DA:386,0
DA:387,0
DA:388,0
DA:389,0
DA:390,0
DA:391,0
DA:392,0
DA:398,0
DA:399,0
DA:400,0
DA:402,0
DA:405,0
DA:406,0
DA:423,0
DA:431,0
DA:432,0
DA:436,0
DA:437,0
DA:438,0
DA:439,0
DA:443,0
DA:447,0
DA:448,0
DA:450,0
DA:451,0
DA:452,0
DA:454,0
DA:455,0
DA:456,0
DA:457,0
DA:458,0
DA:459,0
DA:460,0
DA:462,0
DA:463,0
DA:464,0
DA:465,0
DA:466,0
DA:467,0
DA:468,0
DA:469,0
DA:472,0
DA:473,0
DA:474,0
DA:475,0
DA:476,0
DA:477,0
DA:478,0
DA:479,0
DA:480,0
DA:481,0
DA:482,0
DA:484,0
DA:485,0
DA:486,0
DA:490,0
DA:491,0
DA:492,0
DA:493,0
DA:494,0
DA:502,0
DA:503,0
DA:505,0
DA:506,0
DA:508,0
DA:509,0
DA:510,0
DA:512,0
DA:513,0
DA:514,0
DA:515,0
DA:516,0
DA:517,0
DA:519,0
DA:520,0
DA:521,0
DA:523,0
DA:524,0
DA:525,0
DA:528,0
DA:529,0
DA:530,0
DA:531,0
DA:532,0
DA:533,0
DA:534,0
DA:535,0
DA:536,0
DA:537,0
DA:538,0
DA:539,0
DA:540,0
DA:541,0
DA:542,0
DA:545,0
DA:546,0
DA:547,0
DA:548,0
DA:549,0
DA:553,0
DA:554,0
DA:555,0
DA:557,0
DA:558,0
DA:559,0
DA:561,0
DA:563,0
DA:564,0
DA:565,0
DA:566,0
DA:567,0
DA:569,0
DA:573,0
DA:574,0
DA:576,0
DA:580,0
DA:581,0
DA:583,0
DA:588,0
DA:591,0
DA:592,0
DA:593,0
DA:594,0
DA:597,0
DA:598,0
DA:599,0
DA:602,0
DA:603,0
DA:604,0
DA:606,0
DA:607,0
DA:608,0
DA:609,0
DA:612,0
DA:613,0
LF:270
LH:0
BRDA:43,0,0,0
BRDA:43,0,1,0
BRDA:51,1,0,0
BRDA:51,1,1,0
BRDA:64,2,0,0
BRDA:65,3,0,0
BRDA:66,4,0,0
BRDA:66,4,1,0
BRDA:81,5,0,0
BRDA:81,5,1,0
BRDA:92,6,0,0
BRDA:93,7,0,0
BRDA:98,8,0,0
BRDA:98,8,1,0
BRDA:98,8,2,0
BRDA:109,9,0,0
BRDA:112,10,0,0
BRDA:112,10,1,0
BRDA:124,11,0,0
BRDA:124,11,1,0
BRDA:128,12,0,0
BRDA:128,12,1,0
BRDA:129,13,0,0
BRDA:129,13,1,0
BRDA:130,14,0,0
BRDA:130,14,1,0
BRDA:131,15,0,0
BRDA:131,15,1,0
BRDA:132,16,0,0
BRDA:132,16,1,0
BRDA:133,17,0,0
BRDA:133,17,1,0
BRDA:134,18,0,0
BRDA:134,18,1,0
BRDA:135,19,0,0
BRDA:135,19,1,0
BRDA:136,20,0,0
BRDA:136,20,1,0
BRDA:137,21,0,0
BRDA:137,21,1,0
BRDA:138,22,0,0
BRDA:138,22,1,0
BRDA:139,23,0,0
BRDA:139,23,1,0
BRDA:140,24,0,0
BRDA:140,24,1,0
BRDA:141,25,0,0
BRDA:141,25,1,0
BRDA:150,26,0,0
BRDA:150,26,1,0
BRDA:151,27,0,0
BRDA:153,28,0,0
BRDA:153,28,1,0
BRDA:155,29,0,0
BRDA:162,30,0,0
BRDA:162,30,1,0
BRDA:164,31,0,0
BRDA:164,31,1,0
BRDA:176,32,0,0
BRDA:176,32,1,0
BRDA:188,33,0,0
BRDA:188,34,0,0
BRDA:188,34,1,0
BRDA:191,35,0,0
BRDA:191,35,1,0
BRDA:193,36,0,0
BRDA:193,36,1,0
BRDA:200,37,0,0
BRDA:201,38,0,0
BRDA:202,39,0,0
BRDA:203,40,0,0
BRDA:204,41,0,0
BRDA:205,42,0,0
BRDA:207,43,0,0
BRDA:208,44,0,0
BRDA:209,45,0,0
BRDA:210,46,0,0
BRDA:212,47,0,0
BRDA:213,48,0,0
BRDA:234,49,0,0
BRDA:234,49,1,0
BRDA:235,50,0,0
BRDA:236,51,0,0
BRDA:236,51,1,0
BRDA:236,51,2,0
BRDA:236,51,3,0
BRDA:236,51,4,0
BRDA:244,52,0,0
BRDA:244,52,1,0
BRDA:245,53,0,0
BRDA:245,53,1,0
BRDA:246,54,0,0
BRDA:246,54,1,0
BRDA:247,55,0,0
BRDA:247,55,1,0
BRDA:262,56,0,0
BRDA:262,56,1,0
BRDA:263,57,0,0
BRDA:263,57,1,0
BRDA:285,58,0,0
BRDA:325,59,0,0
BRDA:325,60,0,0
BRDA:325,60,1,0
BRDA:345,61,0,0
BRDA:345,61,1,0
BRDA:346,62,0,0
BRDA:346,62,1,0
BRDA:361,63,0,0
BRDA:361,63,1,0
BRDA:369,64,0,0
BRDA:369,65,0,0
BRDA:369,65,1,0
BRDA:373,66,0,0
BRDA:373,67,0,0
BRDA:373,67,1,0
BRDA:381,68,0,0
BRDA:381,68,1,0
BRDA:382,69,0,0
BRDA:386,70,0,0
BRDA:386,71,0,0
BRDA:386,71,1,0
BRDA:392,72,0,0
BRDA:393,73,0,0
BRDA:393,73,1,0
BRDA:393,73,2,0
BRDA:393,73,3,0
BRDA:402,74,0,0
BRDA:402,74,1,0
BRDA:402,74,2,0
BRDA:403,75,0,0
BRDA:403,75,1,0
BRDA:404,76,0,0
BRDA:404,76,1,0
BRDA:413,77,0,0
BRDA:413,77,1,0
BRDA:414,78,0,0
BRDA:414,78,1,0
BRDA:415,79,0,0
BRDA:415,79,1,0
BRDA:416,80,0,0
BRDA:416,80,1,0
BRDA:418,81,0,0
BRDA:418,81,1,0
BRDA:420,82,0,0
BRDA:420,82,1,0
BRDA:421,83,0,0
BRDA:421,83,1,0
BRDA:422,84,0,0
BRDA:422,84,1,0
BRDA:424,85,0,0
BRDA:424,85,1,0
BRDA:425,86,0,0
BRDA:425,86,1,0
BRDA:427,87,0,0
BRDA:427,87,1,0
BRDA:428,88,0,0
BRDA:428,88,1,0
BRDA:429,89,0,0
BRDA:429,89,1,0
BRDA:438,90,0,0
BRDA:438,90,1,0
BRDA:443,91,0,0
BRDA:443,91,1,0
BRDA:448,92,0,0
BRDA:457,93,0,0
BRDA:477,94,0,0
BRDA:490,95,0,0
BRDA:490,95,1,0
BRDA:492,96,0,0
BRDA:492,97,0,0
BRDA:492,97,1,0
BRDA:502,98,0,0
BRDA:502,98,1,0
BRDA:503,99,0,0
BRDA:503,99,1,0
BRDA:505,100,0,0
BRDA:505,100,1,0
BRDA:505,100,2,0
BRDA:506,101,0,0
BRDA:519,102,0,0
BRDA:519,103,0,0
BRDA:519,103,1,0
BRDA:523,104,0,0
BRDA:523,105,0,0
BRDA:523,105,1,0
BRDA:535,106,0,0
BRDA:553,107,0,0
BRDA:555,108,0,0
BRDA:555,108,1,0
BRDA:559,109,0,0
BRDA:563,110,0,0
BRDA:566,111,0,0
BRDA:566,111,1,0
BRDA:573,112,0,0
BRDA:576,113,0,0
BRDA:576,113,1,0
BRDA:580,114,0,0
BRDA:583,115,0,0
BRDA:583,115,1,0
BRDA:583,115,2,0
BRDA:584,116,0,0
BRDA:584,116,1,0
BRDA:585,117,0,0
BRDA:585,117,1,0
BRDA:591,118,0,0
BRDA:592,119,0,0
BRDA:597,120,0,0
BRDA:604,121,0,0
BRDA:607,122,0,0
BRDA:608,123,0,0
BRF:210
BRH:0
end_of_record
TN:
SF:src/modules/matchmaking/replay.service.ts
FN:77,(anonymous_4)
FN:85,(anonymous_5)
FN:87,(anonymous_6)
FN:92,(anonymous_7)
FN:96,(anonymous_8)
FN:121,(anonymous_9)
FN:138,(anonymous_10)
FN:153,(anonymous_11)
FN:195,(anonymous_12)
FN:198,(anonymous_13)
FN:216,(anonymous_14)
FN:221,(anonymous_15)
FN:233,(anonymous_16)
FN:267,(anonymous_17)
FN:274,(anonymous_18)
FN:300,(anonymous_19)
FN:337,(anonymous_20)
FN:339,(anonymous_21)
FN:351,(anonymous_22)
FN:373,(anonymous_23)
FN:398,(anonymous_24)
FN:415,(anonymous_25)
FN:421,(anonymous_26)
FN:433,(anonymous_27)
FN:440,(anonymous_28)
FN:450,(anonymous_29)
FN:452,(anonymous_30)
FN:454,(anonymous_31)
FN:460,(anonymous_32)
FN:462,(anonymous_33)
FN:475,(anonymous_34)
FN:477,(anonymous_35)
FN:480,(anonymous_36)
FNF:33
FNH:0
FNDA:0,(anonymous_4)
FNDA:0,(anonymous_5)
FNDA:0,(anonymous_6)
FNDA:0,(anonymous_7)
FNDA:0,(anonymous_8)
FNDA:0,(anonymous_9)
FNDA:0,(anonymous_10)
FNDA:0,(anonymous_11)
FNDA:0,(anonymous_12)
FNDA:0,(anonymous_13)
FNDA:0,(anonymous_14)
FNDA:0,(anonymous_15)
FNDA:0,(anonymous_16)
FNDA:0,(anonymous_17)
FNDA:0,(anonymous_18)
FNDA:0,(anonymous_19)
FNDA:0,(anonymous_20)
FNDA:0,(anonymous_21)
FNDA:0,(anonymous_22)
FNDA:0,(anonymous_23)
FNDA:0,(anonymous_24)
FNDA:0,(anonymous_25)
FNDA:0,(anonymous_26)
FNDA:0,(anonymous_27)
FNDA:0,(anonymous_28)
FNDA:0,(anonymous_29)
FNDA:0,(anonymous_30)
FNDA:0,(anonymous_31)
[...]
DA:183,0
DA:191,0
DA:192,0
DA:193,0
DA:195,0
DA:196,0
DA:197,0
DA:198,0
DA:200,0
DA:201,0
DA:202,0
DA:206,0
DA:208,0
DA:209,0
DA:210,0
DA:211,0
DA:212,0
DA:213,0
DA:214,0
DA:215,0
DA:216,0
DA:217,0
DA:218,0
DA:222,0
DA:223,0
DA:224,0
DA:225,0
DA:226,0
DA:228,0
DA:230,0
DA:233,0
DA:234,0
DA:235,0
DA:238,0
DA:239,0
DA:240,0
DA:244,0
DA:245,0
DA:247,0
DA:249,0
DA:252,0
DA:255,0
DA:256,0
DA:257,0
DA:258,0
DA:259,0
DA:263,0
DA:265,0
DA:266,0
DA:267,0
DA:275,0
DA:277,0
DA:279,0
DA:295,0
DA:296,0
DA:297,0
DA:298,0
DA:299,0
DA:300,0
DA:301,0
DA:304,0
DA:307,0
DA:308,0
DA:310,0
DA:314,0
DA:315,0
DA:316,0
DA:320,0
DA:321,0
DA:322,0
DA:324,0
DA:328,0
DA:329,0
DA:330,0
DA:331,0
DA:332,0
LF:156
LH:0
BRDA:45,0,0,0
BRDA:45,0,1,0
BRDA:81,1,0,0
BRDA:82,2,0,0
BRDA:82,2,1,0
BRDA:83,3,0,0
BRDA:84,4,0,0
BRDA:84,4,1,0
BRDA:85,5,0,0
BRDA:86,6,0,0
BRDA:86,6,1,0
BRDA:95,7,0,0
BRDA:95,7,1,0
BRDA:99,8,0,0
BRDA:99,8,1,0
BRDA:101,9,0,0
BRDA:104,10,0,0
BRDA:104,10,1,0
BRDA:116,11,0,0
BRDA:116,12,0,0
BRDA:116,12,1,0
BRDA:116,12,2,0
BRDA:118,13,0,0
BRDA:119,14,0,0
BRDA:125,15,0,0
BRDA:126,16,0,0
BRDA:126,16,1,0
BRDA:130,17,0,0
BRDA:130,18,0,0
BRDA:130,18,1,0
BRDA:148,19,0,0
BRDA:148,20,0,0
BRDA:148,20,1,0
BRDA:148,20,2,0
BRDA:150,21,0,0
BRDA:151,22,0,0
BRDA:158,23,0,0
BRDA:158,23,1,0
BRDA:161,24,0,0
BRDA:162,25,0,0
BRDA:162,25,1,0
BRDA:162,25,2,0
BRDA:171,26,0,0
BRDA:173,27,0,0
BRDA:177,28,0,0
BRDA:177,28,1,0
BRDA:178,29,0,0
BRDA:178,29,1,0
BRDA:180,30,0,0
BRDA:180,30,1,0
BRDA:195,31,0,0
BRDA:195,32,0,0
BRDA:195,32,1,0
BRDA:195,32,2,0
BRDA:197,33,0,0
BRDA:198,34,0,0
BRDA:202,35,0,0
BRDA:203,36,0,0
BRDA:203,36,1,0
BRDA:211,37,0,0
BRDA:224,38,0,0
BRDA:244,39,0,0
BRDA:244,39,1,0
BRDA:245,40,0,0
BRDA:247,41,0,0
BRDA:247,41,1,0
BRDA:265,42,0,0
BRDA:265,42,1,0
BRDA:275,43,0,0
BRDA:275,43,1,0
BRDA:277,44,0,0
BRDA:277,44,1,0
BRDA:300,45,0,0
BRDA:301,46,0,0
BRDA:332,47,0,0
BRDA:332,47,1,0
BRF:76
BRH:0
end_of_record
TN:
SF:src/modules/matchmaking/engines/shell-curl.engine.ts
FN:40,(anonymous_1)
FN:43,(anonymous_2)
FN:65,(anonymous_3)
FN:66,(anonymous_4)
FN:67,(anonymous_5)
FN:70,(anonymous_6)
FN:77,(anonymous_7)
FN:84,(anonymous_8)
FN:96,(anonymous_9)
FN:100,(anonymous_10)
FN:106,(anonymous_11)
FN:109,(anonymous_12)
FN:125,(anonymous_13)
FN:131,(anonymous_14)
FN:147,(anonymous_15)
FN:174,(anonymous_16)
FN:186,(anonymous_17)
FN:192,(anonymous_18)
FN:196,(anonymous_19)
FN:210,(anonymous_20)
FN:211,(anonymous_21)
FN:212,(anonymous_22)
FN:214,(anonymous_23)
FN:221,(anonymous_24)
FN:225,(anonymous_25)
FN:231,(anonymous_26)
FN:234,(anonymous_27)
FN:235,(anonymous_28)
FNF:28
FNH:0
FNDA:0,(anonymous_1)
FNDA:0,(anonymous_2)
FNDA:0,(anonymous_3)
FNDA:0,(anonymous_4)
FNDA:0,(anonymous_5)
FNDA:0,(anonymous_6)
FNDA:0,(anonymous_7)
FNDA:0,(anonymous_8)
FNDA:0,(anonymous_9)
FNDA:0,(anonymous_10)
FNDA:0,(anonymous_11)
FNDA:0,(anonymous_12)
FNDA:0,(anonymous_13)
FNDA:0,(anonymous_14)
FNDA:0,(anonymous_15)
FNDA:0,(anonymous_16)
FNDA:0,(anonymous_17)
FNDA:0,(anonymous_18)
FNDA:0,(anonymous_19)
FNDA:0,(anonymous_20)
FNDA:0,(anonymous_21)
FNDA:0,(anonymous_22)
FNDA:0,(anonymous_23)
FNDA:0,(anonymous_24)
FNDA:0,(anonymous_25)
FNDA:0,(anonymous_26)
FNDA:0,(anonymous_27)
FNDA:0,(anonymous_28)
DA:1,0
DA:2,0
DA:9,0
DA:13,0
DA:16,0
DA:17,0
DA:18,0
DA:19,0
DA:21,0
DA:22,0
DA:23,0
DA:24,0
DA:25,0
DA:40,0
DA:41,0
DA:47,0
DA:51,0
DA:65,0
DA:67,0
DA:70,0
DA:78,0
DA:79,0
DA:80,0
DA:81,0
DA:89,0
DA:90,0
DA:91,0
DA:92,0
DA:93,0
DA:97,0
DA:105,0
DA:106,0
DA:107,0
DA:108,0
DA:109,0
DA:110,0
DA:112,0
DA:120,0
DA:121,0
DA:122,0
DA:130,0
DA:131,0
DA:132,0
DA:133,0
DA:135,0
DA:136,0
DA:138,0
DA:140,0
DA:141,0
DA:143,0
DA:144,0
DA:145,0
DA:147,0
DA:149,0
DA:150,0
DA:151,0
DA:153,0
DA:154,0
DA:155,0
DA:156,0
DA:157,0
DA:158,0
DA:161,0
DA:162,0
DA:164,0
DA:168,0
DA:171,0
DA:179,0
DA:180,0
DA:181,0
DA:182,0
DA:183,0
DA:187,0
DA:188,0
DA:189,0
DA:196,0
DA:197,0
DA:199,0
DA:200,0
DA:201,0
DA:202,0
DA:203,0
DA:204,0
DA:205,0
DA:209,0
DA:210,0
DA:211,0
DA:212,0
DA:213,0
DA:215,0
DA:218,0
DA:222,0
DA:226,0
DA:227,0
DA:228,0
DA:232,0
DA:233,0
DA:234,0
DA:235,0
DA:236,0
LF:100
LH:0
BRDA:56,0,0,0
BRDA:56,0,1,0
BRDA:89,1,0,0
BRDA:90,2,0,0
BRDA:90,2,1,0
BRDA:91,3,0,0
BRDA:92,4,0,0
BRDA:92,4,1,0
BRDA:97,5,0,0
BRDA:97,5,1,0
BRDA:103,6,0,0
BRDA:107,7,0,0
BRDA:107,8,0,0
BRDA:107,8,1,0
BRDA:108,9,0,0
BRDA:109,10,0,0
BRDA:116,11,0,0
BRDA:116,11,1,0
BRDA:117,12,0,0
BRDA:117,12,1,0
BRDA:118,13,0,0
BRDA:118,13,1,0
BRDA:128,14,0,0
BRDA:132,15,0,0
BRDA:132,16,0,0
BRDA:132,16,1,0
BRDA:133,17,0,0
BRDA:135,18,0,0
BRDA:135,18,1,0
BRDA:136,19,0,0
BRDA:143,20,0,0
BRDA:149,21,0,0
BRDA:158,22,0,0
BRDA:164,23,0,0
BRDA:165,24,0,0
BRDA:165,24,1,0
BRDA:177,25,0,0
BRDA:179,26,0,0
BRDA:179,26,1,0
BRDA:180,27,0,0
BRDA:180,27,1,0
BRDA:188,28,0,0
BRDA:197,29,0,0
BRDA:203,30,0,0
BRDA:215,31,0,0
BRDA:215,31,1,0
BRDA:236,32,0,0
BRDA:236,32,1,0
BRF:48
BRH:0
end_of_record
TN:
SF:src/modules/matchmaking/entities/match-player.entity.ts
FN:12,(anonymous_2)
FN:12,(anonymous_3)
FN:18,(anonymous_4)
FN:30,(anonymous_5)
FNF:4
FNH:0
FNDA:0,(anonymous_2)
FNDA:0,(anonymous_3)
FNDA:0,(anonymous_4)
FNDA:0,(anonymous_5)
DA:1,0
DA:2,0
DA:3,0
DA:8,0
DA:10,0
DA:12,0
DA:13,0
DA:16,0
DA:18,0
DA:19,0
DA:22,0
DA:25,0
DA:28,0
DA:30,0
DA:31,0
DA:34,0
DA:37,0
LF:17
LH:0
BRF:0
BRH:0
end_of_record
TN:
SF:src/modules/matchmaking/entities/match-replay-save.entity.ts
FN:22,(anonymous_2)
FN:22,(anonymous_3)
FN:31,(anonymous_4)
FNF:3
FNH:0
FNDA:0,(anonymous_2)
FNDA:0,(anonymous_3)
FNDA:0,(anonymous_4)
DA:1,0
DA:10,0
DA:11,0
DA:15,0
DA:17,0
DA:20,0
DA:22,0
DA:26,0
DA:29,0
DA:31,0
DA:33,0
DA:36,0
LF:12
LH:0
BRF:0
BRH:0
end_of_record
TN:
SF:src/modules/matchmaking/entities/match-replay.entity.ts
FN:37,(anonymous_2)
FN:37,(anonymous_3)
FN:50,(anonymous_4)
FN:53,(anonymous_5)
FN:68,(anonymous_6)
FN:68,(anonymous_7)
FNF:6
FNH:0
FNDA:0,(anonymous_2)
FNDA:0,(anonymous_3)
FNDA:0,(anonymous_4)
FNDA:0,(anonymous_5)
FNDA:0,(anonymous_6)
FNDA:0,(anonymous_7)
DA:1,0
DA:11,0
DA:12,0
DA:33,0
DA:35,0
DA:37,0
DA:39,0
DA:42,0
DA:45,0
DA:48,0
DA:50,0
DA:51,0
DA:53,0
DA:54,0
DA:57,0
DA:60,0
DA:63,0
DA:66,0
DA:68,0
DA:69,0
LF:20
LH:0
BRF:0
BRH:0
end_of_record
TN:
SF:src/modules/matchmaking/entities/match-spectator.entity.ts
FN:10,(anonymous_2)
FN:10,(anonymous_3)
FN:18,(anonymous_4)
FN:27,(anonymous_5)
FNF:4
FNH:0
FNDA:0,(anonymous_2)
FNDA:0,(anonymous_3)
FNDA:0,(anonymous_4)
FNDA:0,(anonymous_5)
DA:1,0
DA:2,0
DA:3,0
DA:6,0
DA:8,0
DA:10,0
DA:13,0
DA:16,0
DA:18,0
DA:19,0
DA:22,0
DA:25,0
DA:27,0
DA:28,0
DA:31,0
LF:15
LH:0
BRF:0
BRH:0
end_of_record
TN:
SF:src/modules/matchmaking/entities/match.entity.ts
FN:50,(anonymous_2)
FN:50,(anonymous_3)
FN:53,(anonymous_4)
FN:53,(anonymous_5)
FN:56,(anonymous_6)
FN:56,(anonymous_7)
FNF:6
FNH:0
FNDA:0,(anonymous_2)
FNDA:0,(anonymous_3)
FNDA:0,(anonymous_4)
FNDA:0,(anonymous_5)
FNDA:0,(anonymous_6)
FNDA:0,(anonymous_7)
DA:1,0
DA:9,0
DA:10,0
DA:11,0
DA:22,0
DA:24,0
DA:27,0
DA:30,0
DA:33,0
DA:36,0
DA:39,0
DA:42,0
DA:45,0
DA:48,0
DA:50,0
DA:51,0
DA:53,0
DA:54,0
DA:56,0
DA:57,0
LF:20
LH:0
BRF:0
BRH:0
end_of_record
TN:
SF:src/modules/matchmaking/entities/user-rating.entity.ts
FN:15,(anonymous_2)
FNF:1
FNH:0
FNDA:0,(anonymous_2)
DA:1,0
DA:8,0
DA:11,0
DA:13,0
DA:15,0
DA:16,0
DA:19,0
DA:22,0
DA:25,0
DA:28,0
DA:31,0
DA:34,0
DA:37,0
LF:13
LH:0
BRF:0
BRH:0
end_of_record
TN:
SF:src/modules/metrics/metrics.controller.ts
FN:21,(anonymous_4)
FN:25,(anonymous_5)
FNF:2
FNH:0
FNDA:0,(anonymous_4)
FNDA:0,(anonymous_5)
DA:1,0
DA:10,0
DA:20,0
DA:21,0
DA:25,0
DA:29,0
DA:31,0
DA:33,0
DA:38,0
DA:39,0
DA:45,0
DA:50,0
LF:12
LH:0
BRDA:31,0,0,0
BRDA:33,1,0,0
BRDA:33,1,1,0
BRDA:33,2,0,0
BRDA:33,2,1,0
BRDA:38,3,0,0
BRF:6
BRH:0
end_of_record
TN:
SF:src/modules/metrics/metrics.interceptor.ts
FN:20,(anonymous_2)
FN:22,(anonymous_3)
FN:37,(anonymous_4)
FN:38,(anonymous_5)
FN:43,(anonymous_6)
FNF:5
FNH:0
FNDA:0,(anonymous_2)
FNDA:0,(anonymous_3)
FNDA:0,(anonymous_4)
FNDA:0,(anonymous_5)
FNDA:0,(anonymous_6)
DA:1,0
DA:8,0
DA:10,0
DA:19,0
DA:20,0
DA:26,0
DA:27,0
DA:30,0
DA:31,0
DA:32,0
DA:33,0
DA:35,0
DA:37,0
DA:38,0
DA:49,0
DA:50,0
DA:51,0
DA:53,0
DA:58,0
LF:19
LH:0
BRDA:26,0,0,0
BRDA:49,1,0,0
BRDA:49,1,1,0
BRF:3
BRH:0
end_of_record
TN:
SF:src/modules/metrics/metrics.module.ts
FNF:0
FNH:0
DA:1,0
DA:2,0
DA:3,0
DA:15,0
LF:4
LH:0
BRF:0
BRH:0
end_of_record
TN:
SF:src/modules/metrics/metrics.service.ts
FN:27,(anonymous_4)
FN:59,(anonymous_5)
FN:63,(anonymous_6)
FN:68,(anonymous_7)
FN:75,(anonymous_8)
FN:88,(anonymous_9)
FN:92,(anonymous_10)
FN:96,(anonymous_11)
FNF:8
FNH:0
FNDA:0,(anonymous_4)
FNDA:0,(anonymous_5)
FNDA:0,(anonymous_6)
FNDA:0,(anonymous_7)
FNDA:0,(anonymous_8)
FNDA:0,(anonymous_9)
FNDA:0,(anonymous_10)
FNDA:0,(anonymous_11)
DA:1,0
DA:2,0
DA:3,0
DA:4,0
DA:5,0
DA:13,0
DA:16,0
DA:17,0
DA:25,0
DA:28,0
DA:29,0
DA:31,0
DA:34,0
DA:36,0
DA:43,0
DA:52,0
DA:61,0
DA:62,0
DA:63,0
DA:69,0
DA:70,0
DA:71,0
DA:76,0
DA:77,0
DA:80,0
DA:83,0
DA:89,0
DA:93,0
DA:97,0
LF:29
LH:0
BRDA:69,0,0,0
BRDA:80,1,0,0
BRDA:80,1,1,0
BRDA:89,2,0,0
BRDA:89,2,1,0
BRF:5
BRH:0
end_of_record
TN:
SF:src/modules/minigames/minigames.controller.ts
FN:53,(anonymous_2)
FNF:1
FNH:0
FNDA:0,(anonymous_2)
DA:1,0
DA:2,0
DA:13,0
DA:51,0
DA:53,0
DA:54,0
LF:6
LH:0
BRF:0
BRH:0
end_of_record
TN:
SF:src/modules/minigames/minigames.module.ts
FNF:0
FNH:0
DA:1,0
DA:2,0
DA:7,0
LF:3
LH:0
BRF:0
BRH:0
end_of_record
TN:
SF:src/modules/notifications/notifications.module.ts
FNF:0
FNH:0
DA:1,0
DA:2,0
DA:3,0
DA:4,0
DA:5,0
DA:12,0
LF:6
LH:0
BRF:0
BRH:0
end_of_record
TN:
SF:src/modules/notifications/notifications.service.ts
FN:29,(anonymous_4)
FN:36,(anonymous_5)
FN:44,(anonymous_6)
FN:82,(anonymous_7)
FN:100,(anonymous_8)
FN:107,(anonymous_9)
FN:119,(anonymous_10)
FN:137,(anonymous_11)
FN:157,(anonymous_12)
FN:169,(anonymous_13)
FNF:10
FNH:0
FNDA:0,(anonymous_4)
FNDA:0,(anonymous_5)
FNDA:0,(anonymous_6)
FNDA:0,(anonymous_7)
FNDA:0,(anonymous_8)
FNDA:0,(anonymous_9)
FNDA:0,(anonymous_10)
FNDA:0,(anonymous_11)
FNDA:0,(anonymous_12)
FNDA:0,(anonymous_13)
DA:1,1
DA:6,1
DA:7,1
DA:9,1
DA:10,1
DA:21,1
DA:22,1
DA:25,1
DA:27,0
DA:31,0
DA:32,0
DA:37,0
DA:50,0
DA:55,0
DA:58,0
DA:60,0
DA:71,0
DA:77,0
DA:82,0
DA:83,0
DA:84,0
DA:85,0
DA:89,0
DA:90,0
DA:101,0
DA:102,0
DA:107,0
DA:109,0
DA:120,0
DA:121,0
DA:124,0
DA:126,0
DA:127,0
DA:129,0
DA:130,0
DA:138,0
DA:139,0
DA:146,0
DA:158,0
DA:159,0
DA:160,0
DA:161,0
DA:170,0
LF:43
LH:8
BRDA:48,0,0,0
BRDA:58,1,0,0
BRDA:71,2,0,0
BRDA:83,3,0,0
BRDA:83,3,1,0
BRDA:89,4,0,0
BRDA:124,5,0,0
BRDA:129,6,0,0
BRDA:158,7,0,0
BRDA:174,8,0,0
BRDA:174,8,1,0
BRF:11
BRH:0
end_of_record
TN:
SF:src/modules/notifications/entities/notification.entity.ts
FN:30,(anonymous_2)
FN:36,(anonymous_3)
FNF:2
FNH:0
FNDA:0,(anonymous_2)
FNDA:0,(anonymous_3)
DA:1,1
DA:9,1
DA:23,1
DA:25,1
DA:28,1
DA:30,0
DA:31,1
DA:34,1
DA:36,0
DA:37,1
DA:40,1
DA:47,1
DA:51,1
DA:54,1
LF:14
LH:12
BRF:0
BRH:0
end_of_record
TN:
SF:src/modules/presence/presence.module.ts
FNF:0
FNH:0
DA:1,0
DA:2,0
DA:15,0
LF:3
LH:0
BRF:0
BRH:0
end_of_record
TN:
SF:src/modules/presence/presence.service.ts
FN:25,(anonymous_1)
FN:31,(anonymous_2)
FN:38,(anonymous_3)
FN:54,(anonymous_4)
FN:59,(anonymous_5)
FN:64,(anonymous_6)
FN:70,(anonymous_7)
FN:74,(anonymous_8)
FN:78,(anonymous_9)
FN:83,(anonymous_10)
FNF:10
FNH:0
FNDA:0,(anonymous_1)
FNDA:0,(anonymous_2)
FNDA:0,(anonymous_3)
FNDA:0,(anonymous_4)
FNDA:0,(anonymous_5)
FNDA:0,(anonymous_6)
FNDA:0,(anonymous_7)
FNDA:0,(anonymous_8)
FNDA:0,(anonymous_9)
FNDA:0,(anonymous_10)
DA:1,1
DA:25,1
DA:26,0
DA:27,0
DA:29,0
DA:32,0
DA:33,0
DA:34,0
DA:35,0
DA:39,0
DA:40,0
DA:41,0
DA:42,0
DA:43,0
DA:44,0
DA:45,0
DA:47,0
DA:50,0
DA:55,0
DA:60,0
DA:65,0
DA:66,0
DA:71,0
DA:75,0
DA:79,0
DA:84,0
LF:26
LH:2
BRDA:33,0,0,0
BRDA:33,0,1,0
BRDA:39,1,0,0
BRDA:39,1,1,0
BRDA:41,2,0,0
BRDA:44,3,0,0
BRDA:65,4,0,0
BRDA:66,5,0,0
BRDA:66,5,1,0
BRDA:71,6,0,0
BRDA:71,6,1,0
BRDA:75,7,0,0
BRDA:75,7,1,0
BRDA:84,8,0,0
BRDA:84,8,1,0
BRF:15
BRH:0
end_of_record
TN:
SF:src/modules/profiles/profiles.module.ts
FNF:0
FNH:0
DA:1,0
DA:2,0
DA:3,0
DA:9,0
LF:4
LH:0
BRF:0
BRH:0
end_of_record
TN:
SF:src/modules/profiles/turtle-tags.constants.ts
FN:110,(anonymous_0)
FNF:1
FNH:0
FNDA:0,(anonymous_0)
DA:8,0
DA:110,0
LF:2
LH:0
BRF:0
BRH:0
end_of_record
TN:
SF:src/modules/profiles/entities/profile.entity.ts
FN:18,(anonymous_2)
FN:18,(anonymous_3)
FNF:2
FNH:0
FNDA:0,(anonymous_2)
FNDA:0,(anonymous_3)
DA:1,1
DA:8,1
DA:14,1
DA:16,1
DA:18,0
DA:20,1
DA:23,1
DA:26,1
DA:29,1
DA:32,1
DA:36,1
DA:43,1
LF:12
LH:11
BRF:0
BRH:0
end_of_record
TN:
SF:src/modules/reports/reports.controller.ts
FN:12,(anonymous_4)
FN:17,(anonymous_5)
FNF:2
FNH:0
FNDA:0,(anonymous_4)
FNDA:0,(anonymous_5)
DA:1,0
DA:2,0
DA:3,0
DA:4,0
DA:5,0
DA:11,0
DA:12,0
DA:17,0
DA:21,0
DA:27,0
LF:10
LH:0
BRF:0
BRH:0
end_of_record
TN:
SF:src/modules/reports/reports.module.ts
FNF:0
FNH:0
DA:1,0
DA:2,0
DA:3,0
DA:4,0
DA:5,0
DA:6,0
DA:18,0
LF:7
LH:0
BRF:0
BRH:0
end_of_record
TN:
SF:src/modules/reports/reports.service.ts
FN:13,(anonymous_4)
FN:24,(anonymous_5)
FN:37,(anonymous_6)
FNF:3
FNH:0
FNDA:0,(anonymous_4)
FNDA:0,(anonymous_5)
FNDA:0,(anonymous_6)
DA:1,0
DA:6,0
DA:7,0
DA:8,0
DA:9,0
DA:12,0
DA:15,0
DA:16,0
DA:30,0
DA:31,0
DA:34,0
DA:37,0
DA:38,0
DA:39,0
DA:47,0
DA:52,0
DA:56,0
DA:58,0
LF:18
LH:0
BRDA:30,0,0,0
BRDA:44,1,0,0
BRDA:44,1,1,0
BRDA:52,2,0,0
BRDA:53,3,0,0
BRDA:53,3,1,0
BRF:6
BRH:0
end_of_record
TN:
SF:src/modules/reports/dto/create-report.dto.ts
FNF:0
FNH:0
DA:1,0
DA:4,0
DA:13,0
DA:15,0
DA:18,0
DA:21,0
DA:26,0
LF:7
LH:0
BRF:0
BRH:0
end_of_record
TN:
SF:src/modules/reports/entities/report.entity.ts
FN:36,(anonymous_2)
FN:42,(anonymous_3)
FNF:2
FNH:0
FNDA:0,(anonymous_2)
FNDA:0,(anonymous_3)
DA:1,0
DA:10,0
DA:32,0
DA:34,0
DA:36,0
DA:37,0
DA:40,0
DA:42,0
DA:43,0
DA:46,0
DA:49,0
DA:53,0
DA:56,0
LF:13
LH:0
BRF:0
BRH:0
end_of_record
TN:
SF:src/modules/shells/shell-types.ts
FNF:0
FNH:0
DA:10,0
DA:41,0
LF:2
LH:0
BRF:0
BRH:0
end_of_record
TN:
SF:src/modules/shells/shells.controller.ts
FN:16,(anonymous_4)
FN:26,(anonymous_5)
FN:45,(anonymous_6)
FNF:3
FNH:0
FNDA:0,(anonymous_4)
FNDA:0,(anonymous_5)
FNDA:0,(anonymous_6)
DA:1,0
DA:9,0
DA:10,0
DA:11,0
DA:15,0
DA:16,0
DA:26,0
DA:29,0
DA:45,0
DA:49,0
DA:53,0
LF:11
LH:0
BRF:0
BRH:0
end_of_record
TN:
SF:src/modules/shells/shells.module.ts
FN:11,(anonymous_1)
FNF:1
FNH:0
FNDA:0,(anonymous_1)
DA:1,0
DA:2,0
DA:3,0
DA:4,0
DA:5,0
DA:6,0
DA:11,0
DA:17,0
LF:8
LH:0
BRF:0
BRH:0
end_of_record
TN:
SF:src/modules/shells/shells.service.ts
FN:17,(anonymous_4)
FN:27,(anonymous_5)
FN:29,(anonymous_6)
FN:44,(anonymous_7)
FN:69,(anonymous_8)
FN:73,(anonymous_9)
FNF:6
FNH:0
FNDA:0,(anonymous_4)
FNDA:0,(anonymous_5)
FNDA:0,(anonymous_6)
FNDA:0,(anonymous_7)
FNDA:0,(anonymous_8)
FNDA:0,(anonymous_9)
DA:1,0
DA:7,0
DA:8,0
DA:9,0
DA:11,0
DA:14,0
DA:15,0
DA:19,0
DA:28,0
DA:29,0
DA:30,0
DA:32,0
DA:34,0
DA:45,0
DA:46,0
DA:49,0
DA:50,0
DA:51,0
DA:53,0
DA:55,0
DA:73,0
DA:75,0
DA:76,0
DA:79,0
DA:80,0
DA:81,0
DA:85,0
DA:87,0
DA:88,0
DA:89,0
DA:90,0
DA:96,0
LF:32
LH:0
BRDA:75,0,0,0
BRDA:80,1,0,0
BRDA:85,2,0,0
BRDA:89,3,0,0
BRDA:89,4,0,0
BRDA:89,4,1,0
BRF:6
BRH:0
end_of_record
TN:
SF:src/modules/shells/dto/validate-selection.dto.ts
FNF:0
FNH:0
DA:1,0
DA:3,0
DA:11,0
LF:3
LH:0
BRF:0
BRH:0
end_of_record
TN:
SF:src/modules/shells/entities/shell-inventory-item.entity.ts
FN:21,(anonymous_2)
FNF:1
FNH:0
FNDA:0,(anonymous_2)
DA:1,0
DA:9,0
DA:17,0
DA:19,0
DA:21,0
DA:23,0
DA:31,0
DA:35,0
LF:8
LH:0
BRF:0
BRH:0
end_of_record
TN:
SF:src/modules/users/users.controller.ts
FN:87,(anonymous_4)
FN:96,(anonymous_5)
FN:117,(anonymous_6)
FN:152,(anonymous_7)
FN:184,(anonymous_8)
FN:216,(anonymous_9)
FN:242,(anonymous_10)
FN:267,(anonymous_11)
FN:274,(anonymous_12)
FN:136,(anonymous_13)
FN:142,(anonymous_14)
FNF:11
FNH:0
FNDA:0,(anonymous_4)
FNDA:0,(anonymous_5)
FNDA:0,(anonymous_6)
FNDA:0,(anonymous_7)
FNDA:0,(anonymous_8)
FNDA:0,(anonymous_9)
FNDA:0,(anonymous_10)
FNDA:0,(anonymous_11)
FNDA:0,(anonymous_12)
FNDA:0,(anonymous_13)
FNDA:0,(anonymous_14)
DA:1,0
DA:18,0
DA:19,0
DA:20,0
DA:21,0
DA:22,0
DA:23,0
DA:24,0
DA:25,0
DA:27,0
DA:28,0
DA:34,0
DA:35,0
DA:38,0
DA:46,0
DA:84,0
DA:85,0
DA:88,0
DA:89,0
DA:90,0
DA:96,0
DA:99,0
DA:100,0
DA:101,0
DA:104,0
DA:105,0
DA:108,0
DA:117,0
DA:121,0
DA:137,0
DA:138,0
DA:143,0
DA:152,0
DA:156,0
DA:157,0
DA:161,0
DA:184,0
DA:189,0
DA:190,0
DA:191,0
DA:192,0
DA:195,0
DA:200,0
DA:201,0
DA:202,0
DA:205,0
DA:209,0
DA:216,0
DA:229,0
DA:233,0
DA:242,0
DA:245,0
DA:246,0
DA:247,0
DA:250,0
DA:251,0
DA:252,0
DA:272,0
DA:275,0
DA:276,0
DA:277,0
DA:278,0
DA:281,0
DA:282,0
DA:283,0
DA:284,0
DA:285,0
DA:291,0
LF:68
LH:0
BRDA:100,0,0,0
BRDA:156,1,0,0
BRDA:186,2,0,0
BRDA:187,3,0,0
BRDA:192,4,0,0
BRDA:192,4,1,0
BRDA:195,5,0,0
BRDA:195,5,1,0
BRDA:201,6,0,0
BRDA:209,7,0,0
BRDA:209,7,1,0
BRDA:220,8,0,0
BRDA:220,8,1,0
BRDA:222,9,0,0
BRDA:222,9,1,0
BRDA:231,10,0,0
BRDA:231,10,1,0
BRDA:246,11,0,0
BRDA:272,12,0,0
BRDA:272,12,1,0
BRDA:283,13,0,0
BRF:21
BRH:0
end_of_record
TN:
SF:src/modules/users/users.module.ts
FN:15,(anonymous_1)
FNF:1
FNH:0
FNDA:0,(anonymous_1)
DA:1,0
DA:2,0
DA:3,0
DA:4,0
DA:5,0
DA:6,0
DA:7,0
DA:8,0
DA:9,0
DA:10,0
DA:15,0
DA:23,0
LF:12
LH:0
BRF:0
BRH:0
end_of_record
TN:
SF:src/modules/users/users.service.ts
FN:22,(anonymous_4)
FN:37,(anonymous_5)
FN:47,(anonymous_6)
FN:60,(anonymous_7)
FN:73,(anonymous_8)
FN:92,(anonymous_9)
FN:109,(anonymous_10)
FN:122,(anonymous_11)
FN:156,(anonymous_12)
FN:164,(anonymous_13)
FN:172,(anonymous_14)
FN:186,(anonymous_15)
FN:195,(anonymous_16)
FN:220,(anonymous_17)
FN:268,(anonymous_18)
FN:315,(anonymous_19)
FN:336,(anonymous_20)
FN:372,(anonymous_21)
FN:28,(anonymous_22)
FNF:19
FNH:0
FNDA:0,(anonymous_4)
FNDA:0,(anonymous_5)
FNDA:0,(anonymous_6)
FNDA:0,(anonymous_7)
FNDA:0,(anonymous_8)
FNDA:0,(anonymous_9)
FNDA:0,(anonymous_10)
FNDA:0,(anonymous_11)
FNDA:0,(anonymous_12)
FNDA:0,(anonymous_13)
FNDA:0,(anonymous_14)
FNDA:0,(anonymous_15)
FNDA:0,(anonymous_16)
FNDA:0,(anonymous_17)
FNDA:0,(anonymous_18)
FNDA:0,(anonymous_19)
FNDA:0,(anonymous_20)
FNDA:0,(anonymous_21)
FNDA:0,(anonymous_22)
DA:1,0
DA:11,0
DA:12,0
DA:13,0
DA:14,0
DA:15,0
DA:17,0
DA:18,0
DA:21,0
DA:23,0
DA:25,0
DA:27,0
DA:28,0
DA:29,0
DA:38,0
DA:39,0
DA:41,0
DA:48,0
DA:49,0
DA:54,0
DA:61,0
DA:62,0
DA:67,0
DA:74,0
DA:75,0
DA:80,0
DA:93,0
DA:94,0
DA:103,0
DA:110,0
DA:111,0
DA:116,0
DA:132,0
DA:133,0
DA:134,0
DA:135,0
DA:139,0
DA:142,0
DA:143,0
DA:149,0
DA:150,0
DA:152,0
DA:157,0
DA:158,0
DA:160,0
DA:165,0
DA:166,0
DA:168,0
DA:173,0
DA:174,0
DA:176,0
DA:187,0
DA:196,0
DA:197,0
DA:198,0
DA:202,0
DA:204,0
DA:224,0
DA:225,0
DA:226,0
DA:227,0
DA:228,0
DA:229,0
DA:234,0
DA:255,0
DA:269,0
DA:270,0
DA:271,0
DA:272,0
DA:275,0
DA:276,0
DA:278,0
DA:279,0
DA:280,0
DA:281,0
DA:283,0
DA:284,0
DA:291,0
DA:295,0
DA:296,0
DA:297,0
DA:301,0
DA:303,0
DA:309,0
DA:311,0
DA:316,0
DA:317,0
DA:318,0
DA:320,0
DA:322,0
DA:326,0
DA:340,0
DA:341,0
DA:342,0
DA:343,0
DA:346,0
DA:347,0
DA:348,0
DA:350,0
DA:352,0
DA:356,0
DA:358,0
DA:373,0
DA:374,0
DA:394,0
DA:396,0
DA:397,0
DA:398,0
DA:400,0
DA:410,0
DA:429,0
LF:111
LH:0
BRDA:37,0,0,0
BRDA:95,1,0,0
BRDA:95,1,1,0
BRDA:149,2,0,0
BRDA:202,3,0,0
BRDA:202,3,1,0
BRDA:227,4,0,0
BRDA:271,5,0,0
BRDA:275,6,0,0
BRDA:278,7,0,0
BRDA:279,8,0,0
BRDA:280,9,0,0
BRDA:281,10,0,0
BRDA:281,10,1,0
BRDA:283,11,0,0
BRDA:285,12,0,0
BRDA:285,12,1,0
BRDA:296,13,0,0
BRDA:303,14,0,0
BRDA:304,15,0,0
BRDA:304,15,1,0
BRDA:304,15,2,0
BRDA:304,15,3,0
BRDA:317,16,0,0
BRDA:317,17,0,0
BRDA:317,17,1,0
BRDA:320,18,0,0
BRDA:326,19,0,0
BRDA:342,20,0,0
BRDA:352,21,0,0
BRDA:353,22,0,0
BRDA:353,22,1,0
BRDA:394,23,0,0
BRDA:402,24,0,0
BRDA:402,24,1,0
BRDA:405,25,0,0
BRDA:405,25,1,0
BRF:37
BRH:0
end_of_record
TN:
SF:src/modules/users/dto/update-profile.dto.ts
FN:13,(anonymous_2)
FNF:1
FNH:0
FNDA:0,(anonymous_2)
DA:1,0
DA:10,0
DA:11,0
DA:13,0
DA:15,0
DA:27,0
DA:37,0
DA:50,0
LF:8
LH:0
BRF:0
BRH:0
end_of_record
TN:
SF:src/modules/users/entities/user.entity.ts
FN:94,(anonymous_2)
FN:94,(anonymous_3)
FNF:2
FNH:0
FNDA:0,(anonymous_2)
FNDA:0,(anonymous_3)
DA:1,1
DA:9,1
DA:13,1
DA:15,1
DA:19,1
DA:23,1
DA:31,1
DA:34,1
DA:38,1
DA:41,1
DA:44,1
DA:47,1
DA:50,1
DA:54,1
DA:58,1
DA:62,1
DA:66,1
DA:70,1
DA:78,1
DA:86,1
DA:89,1
DA:92,1
DA:94,0
DA:98,1
LF:24
LH:23
BRF:0
BRH:0
end_of_record
